<testsuites id="" name="" tests="66" failures="0" skipped="0" errors="0" time="98.17499799999999">
<testsuite name="global.setup.js" timestamp="2026-07-10T16:02:03.124Z" hostname="setup" tests="1" failures="0" skipped="0" time="1.597" errors="0">
<testcase name="authenticate as admin" classname="global.setup.js" time="1.597">
</testcase>
</testsuite>
<testsuite name="a11y.spec.js" timestamp="2026-07-10T16:02:03.124Z" hostname="chromium" tests="12" failures="0" skipped="0" time="113.672" errors="0">
<testcase name="Dashboard page has no critical/serious a11y violations" classname="a11y.spec.js" time="13.661">
</testcase>
<testcase name="Metrics page has no critical/serious a11y violations" classname="a11y.spec.js" time="10.887">
</testcase>
<testcase name="Development page has no critical/serious a11y violations" classname="a11y.spec.js" time="12.141">
</testcase>
<testcase name="Addons page has no critical/serious a11y violations" classname="a11y.spec.js" time="10.232">
</testcase>
<testcase name="Workflows page has no critical/serious a11y violations" classname="a11y.spec.js" time="8.793">
</testcase>
<testcase name="Backups page has no critical/serious a11y violations" classname="a11y.spec.js" time="9.028">
</testcase>
<testcase name="Clone page has no critical/serious a11y violations" classname="a11y.spec.js" time="8.85">
</testcase>
<testcase name="Logs page has no critical/serious a11y violations" classname="a11y.spec.js" time="10.126">
</testcase>
<testcase name="Settings page has no critical/serious a11y violations" classname="a11y.spec.js" time="7.969">
</testcase>
<testcase name="Dashboard widget on WP admin index has no a11y violations" classname="a11y.spec.js" time="7.866">
</testcase>
<testcase name="Backups page tab switching maintains a11y" classname="a11y.spec.js" time="7.181">
</testcase>
<testcase name="Metrics page with data loaded has no a11y violations" classname="a11y.spec.js" time="6.938">
</testcase>
</testsuite>
<testsuite name="addons.spec.js" timestamp="2026-07-10T16:02:03.124Z" hostname="chromium" tests="6" failures="0" skipped="0" time="52.978" errors="0">
<testcase name="Addons › page renders without errors" classname="addons.spec.js" time="12.836">
</testcase>
<testcase name="Addons › Redis addon toggle is present" classname="addons.spec.js" time="12.438">
</testcase>
<testcase name="Addons › Solr addon toggle is present" classname="addons.spec.js" time="11.748">
</testcase>
<testcase name="Addons › Elasticsearch shows Coming Soon badge" classname="addons.spec.js" time="9.148">
</testcase>
<testcase name="Addons › Redis status reflects live environment state" classname="addons.spec.js" time="3.374">
</testcase>
<testcase name="Addons › save button is present and enabled" classname="addons.spec.js" time="3.434">
</testcase>
</testsuite>
<testsuite name="backups-actions.spec.js" timestamp="2026-07-10T16:02:03.124Z" hostname="chromium" tests="4" failures="0" skipped="0" time="24.613" errors="0">
<testcase name="Backups — create and download › backup type selector has all expected options" classname="backups-actions.spec.js" time="4.343">
</testcase>
<testcase name="Backups — create and download › retention period field accepts a value" classname="backups-actions.spec.js" time="4.583">
</testcase>
<testcase name="Backups — create and download › create database backup and verify it appears in the list" classname="backups-actions.spec.js" time="9.714">
</testcase>
<testcase name="Backups — create and download › download button generates a signed URL" classname="backups-actions.spec.js" time="5.973">
</testcase>
</testsuite>
<testsuite name="backups.spec.js" timestamp="2026-07-10T16:02:03.124Z" hostname="chromium" tests="5" failures="0" skipped="0" time="26.918" errors="0">
<testcase name="Backups › page renders with tabbed environment UI" classname="backups.spec.js" time="5.563">
</testcase>
<testcase name="Backups › default tab is visible and active" classname="backups.spec.js" time="5.083">
</testcase>
<testcase name="Backups › tab switching shows the correct panel" classname="backups.spec.js" time="5.469">
</testcase>
<testcase name="Backups › backup creation form renders" classname="backups.spec.js" time="5.339">
</testcase>
<testcase name="Backups › existing backups section loads" classname="backups.spec.js" time="5.464">
</testcase>
</testsuite>
<testsuite name="clone.spec.js" timestamp="2026-07-10T16:02:03.124Z" hostname="chromium" tests="5" failures="0" skipped="0" time="16.637" errors="0">
<testcase name="Clone › page renders without errors" classname="clone.spec.js" time="2.066">
</testcase>
<testcase name="Clone › source environment selector is present" classname="clone.spec.js" time="3.442">
</testcase>
<testcase name="Clone › target environment selector is present" classname="clone.spec.js" time="4.412">
</testcase>
<testcase name="Clone › database and files checkboxes are present" classname="clone.spec.js" time="3.176">
</testcase>
<testcase name="Clone › clone button is present" classname="clone.spec.js" time="3.541">
</testcase>
</testsuite>
<testsuite name="dashboard.spec.js" timestamp="2026-07-10T16:02:03.124Z" hostname="chromium" tests="9" failures="0" skipped="0" time="35.192" errors="0">
<testcase name="Dashboard › renders the Pantheon branded header" classname="dashboard.spec.js" time="3.425">
</testcase>
<testcase name="Dashboard › shows the 50/50 two-column layout" classname="dashboard.spec.js" time="3.525">
</testcase>
<testcase name="Dashboard › environment card shows Pantheon site info" classname="dashboard.spec.js" time="4.055">
</testcase>
<testcase name="Dashboard › API endpoint testing table renders" classname="dashboard.spec.js" time="4.168">
</testcase>
<testcase name="Dashboard › inline site label editing is accessible" classname="dashboard.spec.js" time="4.059">
</testcase>
<testcase name="Dashboard › connection mode toggle is present with a valid mode" classname="dashboard.spec.js" time="3.879">
</testcase>
<testcase name="WP Admin Dashboard Widget › widget renders on wp-admin index" classname="dashboard.spec.js" time="4.182">
</testcase>
<testcase name="WP Admin Dashboard Widget › widget chart renders after data loads" classname="dashboard.spec.js" time="4.049">
</testcase>
<testcase name="WP Admin Dashboard Widget › widget links to Metrics page" classname="dashboard.spec.js" time="3.85">
</testcase>
</testsuite>
<testsuite name="development.spec.js" timestamp="2026-07-10T16:02:03.124Z" hostname="chromium" tests="6" failures="0" skipped="0" time="30.052" errors="0">
<testcase name="Development › page renders without errors" classname="development.spec.js" time="5.432">
</testcase>
<testcase name="Development › upstream updates section renders" classname="development.spec.js" time="5.539">
</testcase>
<testcase name="Development › recent commits card renders" classname="development.spec.js" time="5.136">
</testcase>
<testcase name="Development › environments card renders with environment list" classname="development.spec.js" time="4.509">
</testcase>
<testcase name="Development › refresh button on recent commits is clickable" classname="development.spec.js" time="4.539">
</testcase>
<testcase name="Development › code deployment section renders" classname="development.spec.js" time="4.897">
</testcase>
</testsuite>
<testsuite name="logs.spec.js" timestamp="2026-07-10T16:02:03.124Z" hostname="chromium" tests="4" failures="0" skipped="0" time="12.208" errors="0">
<testcase name="Logs › page renders without errors" classname="logs.spec.js" time="2.501">
</testcase>
<testcase name="Logs › Fetch Logs button is present and clickable" classname="logs.spec.js" time="2.961">
</testcase>
<testcase name="Logs › Clear Logs button is present" classname="logs.spec.js" time="3.167">
</testcase>
<testcase name="Logs › fetching logs loads content" classname="logs.spec.js" time="3.579">
</testcase>
</testsuite>
<testsuite name="metrics.spec.js" timestamp="2026-07-10T16:02:03.124Z" hostname="chromium" tests="6" failures="0" skipped="0" time="37.108" errors="0">
<testcase name="Metrics › page renders summary statistics above filters" classname="metrics.spec.js" time="4.238">
</testcase>
<testcase name="Metrics › Load Metrics button fetches real API data" classname="metrics.spec.js" time="9.356">
</testcase>
<testcase name="Metrics › environment selector contains expected options" classname="metrics.spec.js" time="4.154">
</testcase>
<testcase name="Metrics › duration selector has all time period options" classname="metrics.spec.js" time="3.923">
</testcase>
<testcase name="Metrics › summary stats update after data loads" classname="metrics.spec.js" time="8.885">
</testcase>
<testcase name="Metrics › filter persistence: selections survive page reload" classname="metrics.spec.js" time="6.552">
</testcase>
</testsuite>
<testsuite name="settings.spec.js" timestamp="2026-07-10T16:02:03.124Z" hostname="chromium" tests="4" failures="0" skipped="0" time="9.768" errors="0">
<testcase name="Settings › settings page renders without errors" classname="settings.spec.js" time="2.275">
</testcase>
<testcase name="Settings › machine token section is present" classname="settings.spec.js" time="1.76">
</testcase>
<testcase name="Settings › session token section renders" classname="settings.spec.js" time="2.557">
</testcase>
<testcase name="Settings › per-user token documentation is visible" classname="settings.spec.js" time="3.176">
</testcase>
</testsuite>
<testsuite name="workflows.spec.js" timestamp="2026-07-10T16:02:03.124Z" hostname="chromium" tests="4" failures="0" skipped="0" time="12.671" errors="0">
<testcase name="Workflows › page renders without errors" classname="workflows.spec.js" time="3.431">
</testcase>
<testcase name="Workflows › available workflows section renders" classname="workflows.spec.js" time="3.327">
</testcase>
<testcase name="Workflows › Object Cache Pro workflow card is present" classname="workflows.spec.js" time="3.152">
</testcase>
<testcase name="Workflows › trigger workflow button is present" classname="workflows.spec.js" time="2.761">
</testcase>
</testsuite>
</testsuites>