<testsuites id="" name="" tests="66" failures="0" skipped="0" errors="0" time="95.214794">
<testsuite name="global.setup.js" timestamp="2026-07-09T18:56:46.967Z" hostname="setup" tests="1" failures="0" skipped="0" time="1.055" errors="0">
<testcase name="authenticate as admin" classname="global.setup.js" time="1.055">
</testcase>
</testsuite>
<testsuite name="a11y.spec.js" timestamp="2026-07-09T18:56:46.967Z" hostname="chromium" tests="12" failures="0" skipped="0" time="139.858" errors="0">
<testcase name="Dashboard page has no critical/serious a11y violations" classname="a11y.spec.js" time="36.121">
</testcase>
<testcase name="Metrics page has no critical/serious a11y violations" classname="a11y.spec.js" time="11.32">
</testcase>
<testcase name="Development page has no critical/serious a11y violations" classname="a11y.spec.js" time="16.451">
</testcase>
<testcase name="Addons page has no critical/serious a11y violations" classname="a11y.spec.js" time="11.564">
</testcase>
<testcase name="Workflows page has no critical/serious a11y violations" classname="a11y.spec.js" time="6.95">
</testcase>
<testcase name="Backups page has no critical/serious a11y violations" classname="a11y.spec.js" time="8.574">
</testcase>
<testcase name="Clone page has no critical/serious a11y violations" classname="a11y.spec.js" time="6.873">
</testcase>
<testcase name="Logs page has no critical/serious a11y violations" classname="a11y.spec.js" time="7.209">
</testcase>
<testcase name="Settings page has no critical/serious a11y violations" classname="a11y.spec.js" time="8.642">
</testcase>
<testcase name="Dashboard widget on WP admin index has no a11y violations" classname="a11y.spec.js" time="7.771">
</testcase>
<testcase name="Backups page tab switching maintains a11y" classname="a11y.spec.js" time="8.299">
</testcase>
<testcase name="Metrics page with data loaded has no a11y violations" classname="a11y.spec.js" time="10.084">
</testcase>
</testsuite>
<testsuite name="addons.spec.js" timestamp="2026-07-09T18:56:46.967Z" hostname="chromium" tests="6" failures="0" skipped="0" time="18.372" errors="0">
<testcase name="Addons › page renders without errors" classname="addons.spec.js" time="2.776">
</testcase>
<testcase name="Addons › Redis addon toggle is present" classname="addons.spec.js" time="3.12">
</testcase>
<testcase name="Addons › Solr addon toggle is present" classname="addons.spec.js" time="2.482">
</testcase>
<testcase name="Addons › Elasticsearch shows Coming Soon badge" classname="addons.spec.js" time="3.115">
</testcase>
<testcase name="Addons › Redis status reflects live environment state" classname="addons.spec.js" time="2.803">
</testcase>
<testcase name="Addons › save button is present and enabled" classname="addons.spec.js" time="4.076">
</testcase>
</testsuite>
<testsuite name="backups-actions.spec.js" timestamp="2026-07-09T18:56:46.967Z" hostname="chromium" tests="4" failures="0" skipped="0" time="24.39" errors="0">
<testcase name="Backups — create and download › backup type selector has all expected options" classname="backups-actions.spec.js" time="3.298">
</testcase>
<testcase name="Backups — create and download › retention period field accepts a value" classname="backups-actions.spec.js" time="3.823">
</testcase>
<testcase name="Backups — create and download › create database backup and verify it appears in the list" classname="backups-actions.spec.js" time="13.036">
</testcase>
<testcase name="Backups — create and download › download button generates a signed URL" classname="backups-actions.spec.js" time="4.233">
</testcase>
</testsuite>
<testsuite name="backups.spec.js" timestamp="2026-07-09T18:56:46.967Z" hostname="chromium" tests="5" failures="0" skipped="0" time="23.45" errors="0">
<testcase name="Backups › page renders with tabbed environment UI" classname="backups.spec.js" time="4.819">
</testcase>
<testcase name="Backups › default tab is visible and active" classname="backups.spec.js" time="4.351">
</testcase>
<testcase name="Backups › tab switching shows the correct panel" classname="backups.spec.js" time="4.577">
</testcase>
<testcase name="Backups › backup creation form renders" classname="backups.spec.js" time="4.955">
</testcase>
<testcase name="Backups › existing backups section loads" classname="backups.spec.js" time="4.748">
</testcase>
</testsuite>
<testsuite name="clone.spec.js" timestamp="2026-07-09T18:56:46.967Z" hostname="chromium" tests="5" failures="0" skipped="0" time="19.417" errors="0">
<testcase name="Clone › page renders without errors" classname="clone.spec.js" time="3.777">
</testcase>
<testcase name="Clone › source environment selector is present" classname="clone.spec.js" time="4.186">
</testcase>
<testcase name="Clone › target environment selector is present" classname="clone.spec.js" time="4.137">
</testcase>
<testcase name="Clone › database and files checkboxes are present" classname="clone.spec.js" time="3.615">
</testcase>
<testcase name="Clone › clone button is present" classname="clone.spec.js" time="3.702">
</testcase>
</testsuite>
<testsuite name="dashboard.spec.js" timestamp="2026-07-09T18:56:46.967Z" hostname="chromium" tests="9" failures="0" skipped="0" time="33.852" errors="0">
<testcase name="Dashboard › renders the Pantheon branded header" classname="dashboard.spec.js" time="3.544">
</testcase>
<testcase name="Dashboard › shows the 50/50 two-column layout" classname="dashboard.spec.js" time="3.565">
</testcase>
<testcase name="Dashboard › environment card shows Pantheon site info" classname="dashboard.spec.js" time="3.699">
</testcase>
<testcase name="Dashboard › API endpoint testing table renders" classname="dashboard.spec.js" time="3.589">
</testcase>
<testcase name="Dashboard › inline site label editing is accessible" classname="dashboard.spec.js" time="4.409">
</testcase>
<testcase name="Dashboard › connection mode toggle is present with a valid mode" classname="dashboard.spec.js" time="3.553">
</testcase>
<testcase name="WP Admin Dashboard Widget › widget renders on wp-admin index" classname="dashboard.spec.js" time="3.755">
</testcase>
<testcase name="WP Admin Dashboard Widget › widget chart renders after data loads" classname="dashboard.spec.js" time="4.233">
</testcase>
<testcase name="WP Admin Dashboard Widget › widget links to Metrics page" classname="dashboard.spec.js" time="3.505">
</testcase>
</testsuite>
<testsuite name="development.spec.js" timestamp="2026-07-09T18:56:46.967Z" hostname="chromium" tests="6" failures="0" skipped="0" time="33.359" errors="0">
<testcase name="Development › page renders without errors" classname="development.spec.js" time="5.568">
</testcase>
<testcase name="Development › upstream updates section renders" classname="development.spec.js" time="5.299">
</testcase>
<testcase name="Development › recent commits card renders" classname="development.spec.js" time="6.428">
</testcase>
<testcase name="Development › environments card renders with environment list" classname="development.spec.js" time="6.499">
</testcase>
<testcase name="Development › refresh button on recent commits is clickable" classname="development.spec.js" time="4.695">
</testcase>
<testcase name="Development › code deployment section renders" classname="development.spec.js" time="4.87">
</testcase>
</testsuite>
<testsuite name="logs.spec.js" timestamp="2026-07-09T18:56:46.967Z" hostname="chromium" tests="4" failures="0" skipped="0" time="11.702" errors="0">
<testcase name="Logs › page renders without errors" classname="logs.spec.js" time="1.522">
</testcase>
<testcase name="Logs › Fetch Logs button is present and clickable" classname="logs.spec.js" time="3.404">
</testcase>
<testcase name="Logs › Clear Logs button is present" classname="logs.spec.js" time="2.987">
</testcase>
<testcase name="Logs › fetching logs loads content" classname="logs.spec.js" time="3.789">
</testcase>
</testsuite>
<testsuite name="metrics.spec.js" timestamp="2026-07-09T18:56:46.967Z" hostname="chromium" tests="6" failures="0" skipped="0" time="35.887" errors="0">
<testcase name="Metrics › page renders summary statistics above filters" classname="metrics.spec.js" time="4.065">
</testcase>
<testcase name="Metrics › Load Metrics button fetches real API data" classname="metrics.spec.js" time="8.887">
</testcase>
<testcase name="Metrics › environment selector contains expected options" classname="metrics.spec.js" time="3.825">
</testcase>
<testcase name="Metrics › duration selector has all time period options" classname="metrics.spec.js" time="3.561">
</testcase>
<testcase name="Metrics › summary stats update after data loads" classname="metrics.spec.js" time="9.164">
</testcase>
<testcase name="Metrics › filter persistence: selections survive page reload" classname="metrics.spec.js" time="6.385">
</testcase>
</testsuite>
<testsuite name="settings.spec.js" timestamp="2026-07-09T18:56:46.967Z" hostname="chromium" tests="4" failures="0" skipped="0" time="9.782" errors="0">
<testcase name="Settings › settings page renders without errors" classname="settings.spec.js" time="1.941">
</testcase>
<testcase name="Settings › machine token section is present" classname="settings.spec.js" time="1.565">
</testcase>
<testcase name="Settings › session token section renders" classname="settings.spec.js" time="3.171">
</testcase>
<testcase name="Settings › per-user token documentation is visible" classname="settings.spec.js" time="3.105">
</testcase>
</testsuite>
<testsuite name="workflows.spec.js" timestamp="2026-07-09T18:56:46.967Z" hostname="chromium" tests="4" failures="0" skipped="0" time="12.367" errors="0">
<testcase name="Workflows › page renders without errors" classname="workflows.spec.js" time="3.32">
</testcase>
<testcase name="Workflows › available workflows section renders" classname="workflows.spec.js" time="3.215">
</testcase>
<testcase name="Workflows › Object Cache Pro workflow card is present" classname="workflows.spec.js" time="3.035">
</testcase>
<testcase name="Workflows › trigger workflow button is present" classname="workflows.spec.js" time="2.797">
</testcase>
</testsuite>
</testsuites>