<testsuites id="" name="" tests="66" failures="0" skipped="0" errors="0" time="112.37360500000001">
<testsuite name="global.setup.js" timestamp="2026-07-10T16:01:39.436Z" hostname="setup" tests="1" failures="0" skipped="0" time="1.168" errors="0">
<testcase name="authenticate as admin" classname="global.setup.js" time="1.168">
</testcase>
</testsuite>
<testsuite name="a11y.spec.js" timestamp="2026-07-10T16:01:39.436Z" hostname="chromium" tests="12" failures="0" skipped="0" time="139.257" errors="0">
<testcase name="Dashboard page has no critical/serious a11y violations" classname="a11y.spec.js" time="11.807">
</testcase>
<testcase name="Metrics page has no critical/serious a11y violations" classname="a11y.spec.js" time="9.591">
</testcase>
<testcase name="Development page has no critical/serious a11y violations" classname="a11y.spec.js" time="11.762">
</testcase>
<testcase name="Addons page has no critical/serious a11y violations" classname="a11y.spec.js" time="10.074">
</testcase>
<testcase name="Workflows page has no critical/serious a11y violations" classname="a11y.spec.js" time="14.498">
</testcase>
<testcase name="Backups page has no critical/serious a11y violations" classname="a11y.spec.js" time="16.996">
</testcase>
<testcase name="Clone page has no critical/serious a11y violations" classname="a11y.spec.js" time="14.764">
</testcase>
<testcase name="Logs page has no critical/serious a11y violations" classname="a11y.spec.js" time="14.201">
</testcase>
<testcase name="Settings page has no critical/serious a11y violations" classname="a11y.spec.js" time="7.657">
</testcase>
<testcase name="Dashboard widget on WP admin index has no a11y violations" classname="a11y.spec.js" time="8.363">
</testcase>
<testcase name="Backups page tab switching maintains a11y" classname="a11y.spec.js" time="9.194">
</testcase>
<testcase name="Metrics page with data loaded has no a11y violations" classname="a11y.spec.js" time="10.35">
</testcase>
</testsuite>
<testsuite name="addons.spec.js" timestamp="2026-07-10T16:01:39.436Z" hostname="chromium" tests="6" failures="0" skipped="0" time="20.507" errors="0">
<testcase name="Addons › page renders without errors" classname="addons.spec.js" time="2.692">
</testcase>
<testcase name="Addons › Redis addon toggle is present" classname="addons.spec.js" time="3.32">
</testcase>
<testcase name="Addons › Solr addon toggle is present" classname="addons.spec.js" time="3.339">
</testcase>
<testcase name="Addons › Elasticsearch shows Coming Soon badge" classname="addons.spec.js" time="3.549">
</testcase>
<testcase name="Addons › Redis status reflects live environment state" classname="addons.spec.js" time="3.879">
</testcase>
<testcase name="Addons › save button is present and enabled" classname="addons.spec.js" time="3.728">
</testcase>
</testsuite>
<testsuite name="backups-actions.spec.js" timestamp="2026-07-10T16:01:39.436Z" hostname="chromium" tests="4" failures="0" skipped="0" time="56.119" errors="0">
<testcase name="Backups — create and download › backup type selector has all expected options" classname="backups-actions.spec.js" time="3.424">
</testcase>
<testcase name="Backups — create and download › retention period field accepts a value" classname="backups-actions.spec.js" time="3.741">
</testcase>
<testcase name="Backups — create and download › create database backup and verify it appears in the list" classname="backups-actions.spec.js" time="24.136">
</testcase>
<testcase name="Backups — create and download › download button generates a signed URL" classname="backups-actions.spec.js" time="24.818">
<system-out>
<![CDATA[
[[ATTACHMENT|../test-results/backups-actions-Backups-—--a0786-tton-generates-a-signed-URL-chromium/test-failed-1.png]]

[[ATTACHMENT|../test-results/backups-actions-Backups-—--a0786-tton-generates-a-signed-URL-chromium/video.webm]]

[[ATTACHMENT|../test-results/backups-actions-Backups-—--a0786-tton-generates-a-signed-URL-chromium/error-context.md]]

[[ATTACHMENT|../test-results/backups-actions-Backups-—--a0786-tton-generates-a-signed-URL-chromium/trace.zip]]
]]>
</system-out>
</testcase>
</testsuite>
<testsuite name="backups.spec.js" timestamp="2026-07-10T16:01:39.436Z" hostname="chromium" tests="5" failures="0" skipped="0" time="56.455" errors="0">
<testcase name="Backups › page renders with tabbed environment UI" classname="backups.spec.js" time="5.636">
</testcase>
<testcase name="Backups › default tab is visible and active" classname="backups.spec.js" time="4.622">
</testcase>
<testcase name="Backups › tab switching shows the correct panel" classname="backups.spec.js" time="21.185">
</testcase>
<testcase name="Backups › backup creation form renders" classname="backups.spec.js" time="20.075">
</testcase>
<testcase name="Backups › existing backups section loads" classname="backups.spec.js" time="4.937">
</testcase>
</testsuite>
<testsuite name="clone.spec.js" timestamp="2026-07-10T16:01:39.436Z" hostname="chromium" tests="5" failures="0" skipped="0" time="16.234" errors="0">
<testcase name="Clone › page renders without errors" classname="clone.spec.js" time="2.812">
</testcase>
<testcase name="Clone › source environment selector is present" classname="clone.spec.js" time="3.259">
</testcase>
<testcase name="Clone › target environment selector is present" classname="clone.spec.js" time="3.35">
</testcase>
<testcase name="Clone › database and files checkboxes are present" classname="clone.spec.js" time="3.516">
</testcase>
<testcase name="Clone › clone button is present" classname="clone.spec.js" time="3.297">
</testcase>
</testsuite>
<testsuite name="dashboard.spec.js" timestamp="2026-07-10T16:01:39.436Z" hostname="chromium" tests="9" failures="0" skipped="0" time="34.465" errors="0">
<testcase name="Dashboard › renders the Pantheon branded header" classname="dashboard.spec.js" time="3.866">
</testcase>
<testcase name="Dashboard › shows the 50/50 two-column layout" classname="dashboard.spec.js" time="3.328">
</testcase>
<testcase name="Dashboard › environment card shows Pantheon site info" classname="dashboard.spec.js" time="3.844">
</testcase>
<testcase name="Dashboard › API endpoint testing table renders" classname="dashboard.spec.js" time="3.833">
</testcase>
<testcase name="Dashboard › inline site label editing is accessible" classname="dashboard.spec.js" time="3.903">
</testcase>
<testcase name="Dashboard › connection mode toggle is present with a valid mode" classname="dashboard.spec.js" time="3.686">
</testcase>
<testcase name="WP Admin Dashboard Widget › widget renders on wp-admin index" classname="dashboard.spec.js" time="3.867">
</testcase>
<testcase name="WP Admin Dashboard Widget › widget chart renders after data loads" classname="dashboard.spec.js" time="4.436">
</testcase>
<testcase name="WP Admin Dashboard Widget › widget links to Metrics page" classname="dashboard.spec.js" time="3.702">
</testcase>
</testsuite>
<testsuite name="development.spec.js" timestamp="2026-07-10T16:01:39.436Z" hostname="chromium" tests="6" failures="0" skipped="0" time="29.062" errors="0">
<testcase name="Development › page renders without errors" classname="development.spec.js" time="5.316">
</testcase>
<testcase name="Development › upstream updates section renders" classname="development.spec.js" time="4.979">
</testcase>
<testcase name="Development › recent commits card renders" classname="development.spec.js" time="4.813">
</testcase>
<testcase name="Development › environments card renders with environment list" classname="development.spec.js" time="4.469">
</testcase>
<testcase name="Development › refresh button on recent commits is clickable" classname="development.spec.js" time="4.333">
</testcase>
<testcase name="Development › code deployment section renders" classname="development.spec.js" time="5.152">
</testcase>
</testsuite>
<testsuite name="logs.spec.js" timestamp="2026-07-10T16:01:39.436Z" hostname="chromium" tests="4" failures="0" skipped="0" time="11.357" errors="0">
<testcase name="Logs › page renders without errors" classname="logs.spec.js" time="2.766">
</testcase>
<testcase name="Logs › Fetch Logs button is present and clickable" classname="logs.spec.js" time="3.036">
</testcase>
<testcase name="Logs › Clear Logs button is present" classname="logs.spec.js" time="2.247">
</testcase>
<testcase name="Logs › fetching logs loads content" classname="logs.spec.js" time="3.308">
</testcase>
</testsuite>
<testsuite name="metrics.spec.js" timestamp="2026-07-10T16:01:39.436Z" hostname="chromium" tests="6" failures="0" skipped="0" time="37.236" errors="0">
<testcase name="Metrics › page renders summary statistics above filters" classname="metrics.spec.js" time="4.661">
</testcase>
<testcase name="Metrics › Load Metrics button fetches real API data" classname="metrics.spec.js" time="9.58">
</testcase>
<testcase name="Metrics › environment selector contains expected options" classname="metrics.spec.js" time="3.906">
</testcase>
<testcase name="Metrics › duration selector has all time period options" classname="metrics.spec.js" time="3.767">
</testcase>
<testcase name="Metrics › summary stats update after data loads" classname="metrics.spec.js" time="8.808">
</testcase>
<testcase name="Metrics › filter persistence: selections survive page reload" classname="metrics.spec.js" time="6.514">
</testcase>
</testsuite>
<testsuite name="settings.spec.js" timestamp="2026-07-10T16:01:39.436Z" hostname="chromium" tests="4" failures="0" skipped="0" time="9.616" errors="0">
<testcase name="Settings › settings page renders without errors" classname="settings.spec.js" time="2.091">
</testcase>
<testcase name="Settings › machine token section is present" classname="settings.spec.js" time="1.855">
</testcase>
<testcase name="Settings › session token section renders" classname="settings.spec.js" time="2.613">
</testcase>
<testcase name="Settings › per-user token documentation is visible" classname="settings.spec.js" time="3.057">
</testcase>
</testsuite>
<testsuite name="workflows.spec.js" timestamp="2026-07-10T16:01:39.436Z" hostname="chromium" tests="4" failures="0" skipped="0" time="12.131" errors="0">
<testcase name="Workflows › page renders without errors" classname="workflows.spec.js" time="3.42">
</testcase>
<testcase name="Workflows › available workflows section renders" classname="workflows.spec.js" time="3.119">
</testcase>
<testcase name="Workflows › Object Cache Pro workflow card is present" classname="workflows.spec.js" time="2.884">
</testcase>
<testcase name="Workflows › trigger workflow button is present" classname="workflows.spec.js" time="2.708">
</testcase>
</testsuite>
</testsuites>