<testsuites id="" name="" tests="66" failures="0" skipped="0" errors="0" time="94.56379">
<testsuite name="global.setup.js" timestamp="2026-07-17T14:59:23.241Z" hostname="setup" tests="1" failures="0" skipped="0" time="0.849" errors="0">
<testcase name="authenticate as admin" classname="global.setup.js" time="0.849">
</testcase>
</testsuite>
<testsuite name="a11y.spec.js" timestamp="2026-07-17T14:59:23.241Z" hostname="chromium" tests="12" failures="0" skipped="0" time="157.887" errors="0">
<testcase name="Dashboard page has no critical/serious a11y violations" classname="a11y.spec.js" time="45.752">
<system-out>
<![CDATA[
[[ATTACHMENT|../test-results/a11y-Dashboard-page-has-no-critical-serious-a11y-violations-chromium/test-failed-1.png]]

[[ATTACHMENT|../test-results/a11y-Dashboard-page-has-no-critical-serious-a11y-violations-chromium/video.webm]]

[[ATTACHMENT|../test-results/a11y-Dashboard-page-has-no-critical-serious-a11y-violations-chromium/error-context.md]]

[[ATTACHMENT|../test-results/a11y-Dashboard-page-has-no-critical-serious-a11y-violations-chromium/trace.zip]]
]]>
</system-out>
</testcase>
<testcase name="Metrics page has no critical/serious a11y violations" classname="a11y.spec.js" time="11.421">
</testcase>
<testcase name="Development page has no critical/serious a11y violations" classname="a11y.spec.js" time="24.373">
</testcase>
<testcase name="Addons page has no critical/serious a11y violations" classname="a11y.spec.js" time="11.913">
</testcase>
<testcase name="Workflows page has no critical/serious a11y violations" classname="a11y.spec.js" time="7.436">
</testcase>
<testcase name="Backups page has no critical/serious a11y violations" classname="a11y.spec.js" time="9">
</testcase>
<testcase name="Clone page has no critical/serious a11y violations" classname="a11y.spec.js" time="7.202">
</testcase>
<testcase name="Logs page has no critical/serious a11y violations" classname="a11y.spec.js" time="6.882">
</testcase>
<testcase name="Settings page has no critical/serious a11y violations" classname="a11y.spec.js" time="7.611">
</testcase>
<testcase name="Dashboard widget on WP admin index has no a11y violations" classname="a11y.spec.js" time="8.525">
</testcase>
<testcase name="Backups page tab switching maintains a11y" classname="a11y.spec.js" time="8.684">
</testcase>
<testcase name="Metrics page with data loaded has no a11y violations" classname="a11y.spec.js" time="9.088">
</testcase>
</testsuite>
<testsuite name="addons.spec.js" timestamp="2026-07-17T14:59:23.241Z" hostname="chromium" tests="6" failures="0" skipped="0" time="13.953" errors="0">
<testcase name="Addons › page renders without errors" classname="addons.spec.js" time="2.363">
</testcase>
<testcase name="Addons › Redis addon toggle is present" classname="addons.spec.js" time="2.009">
</testcase>
<testcase name="Addons › Solr addon toggle is present" classname="addons.spec.js" time="1.825">
</testcase>
<testcase name="Addons › Elasticsearch shows Coming Soon badge" classname="addons.spec.js" time="2.175">
</testcase>
<testcase name="Addons › Redis status reflects live environment state" classname="addons.spec.js" time="2.493">
</testcase>
<testcase name="Addons › save button is present and enabled" classname="addons.spec.js" time="3.088">
</testcase>
</testsuite>
<testsuite name="backups-actions.spec.js" timestamp="2026-07-17T14:59:23.241Z" hostname="chromium" tests="4" failures="0" skipped="0" time="19.239" errors="0">
<testcase name="Backups — create and download › backup type selector has all expected options" classname="backups-actions.spec.js" time="3.139">
</testcase>
<testcase name="Backups — create and download › retention period field accepts a value" classname="backups-actions.spec.js" time="3.784">
</testcase>
<testcase name="Backups — create and download › create database backup and verify it appears in the list" classname="backups-actions.spec.js" time="7.354">
</testcase>
<testcase name="Backups — create and download › download button generates a signed URL" classname="backups-actions.spec.js" time="4.962">
</testcase>
</testsuite>
<testsuite name="backups.spec.js" timestamp="2026-07-17T14:59:23.241Z" hostname="chromium" tests="5" failures="0" skipped="0" time="22.052" errors="0">
<testcase name="Backups › page renders with tabbed environment UI" classname="backups.spec.js" time="4.84">
</testcase>
<testcase name="Backups › default tab is visible and active" classname="backups.spec.js" time="3.742">
</testcase>
<testcase name="Backups › tab switching shows the correct panel" classname="backups.spec.js" time="4.025">
</testcase>
<testcase name="Backups › backup creation form renders" classname="backups.spec.js" time="4.647">
</testcase>
<testcase name="Backups › existing backups section loads" classname="backups.spec.js" time="4.798">
</testcase>
</testsuite>
<testsuite name="clone.spec.js" timestamp="2026-07-17T14:59:23.241Z" hostname="chromium" tests="5" failures="0" skipped="0" time="14.392" errors="0">
<testcase name="Clone › page renders without errors" classname="clone.spec.js" time="2.319">
</testcase>
<testcase name="Clone › source environment selector is present" classname="clone.spec.js" time="2.653">
</testcase>
<testcase name="Clone › target environment selector is present" classname="clone.spec.js" time="2.715">
</testcase>
<testcase name="Clone › database and files checkboxes are present" classname="clone.spec.js" time="3.362">
</testcase>
<testcase name="Clone › clone button is present" classname="clone.spec.js" time="3.343">
</testcase>
</testsuite>
<testsuite name="dashboard.spec.js" timestamp="2026-07-17T14:59:23.241Z" hostname="chromium" tests="9" failures="0" skipped="0" time="34.592" errors="0">
<testcase name="Dashboard › renders the Pantheon branded header" classname="dashboard.spec.js" time="3.302">
</testcase>
<testcase name="Dashboard › shows the 50/50 two-column layout" classname="dashboard.spec.js" time="3.49">
</testcase>
<testcase name="Dashboard › environment card shows Pantheon site info" classname="dashboard.spec.js" time="3.415">
</testcase>
<testcase name="Dashboard › API endpoint testing table renders" classname="dashboard.spec.js" time="3.749">
</testcase>
<testcase name="Dashboard › inline site label editing is accessible" classname="dashboard.spec.js" time="3.76">
</testcase>
<testcase name="Dashboard › connection mode toggle is present with a valid mode" classname="dashboard.spec.js" time="4.063">
</testcase>
<testcase name="WP Admin Dashboard Widget › widget renders on wp-admin index" classname="dashboard.spec.js" time="4.496">
</testcase>
<testcase name="WP Admin Dashboard Widget › widget chart renders after data loads" classname="dashboard.spec.js" time="3.897">
</testcase>
<testcase name="WP Admin Dashboard Widget › widget links to Metrics page" classname="dashboard.spec.js" time="4.42">
</testcase>
</testsuite>
<testsuite name="development.spec.js" timestamp="2026-07-17T14:59:23.241Z" hostname="chromium" tests="6" failures="0" skipped="0" time="30.97" errors="0">
<testcase name="Development › page renders without errors" classname="development.spec.js" time="5.822">
</testcase>
<testcase name="Development › upstream updates section renders" classname="development.spec.js" time="5.002">
</testcase>
<testcase name="Development › recent commits card renders" classname="development.spec.js" time="4.461">
</testcase>
<testcase name="Development › environments card renders with environment list" classname="development.spec.js" time="6.215">
</testcase>
<testcase name="Development › refresh button on recent commits is clickable" classname="development.spec.js" time="4.625">
</testcase>
<testcase name="Development › code deployment section renders" classname="development.spec.js" time="4.845">
</testcase>
</testsuite>
<testsuite name="logs.spec.js" timestamp="2026-07-17T14:59:23.241Z" hostname="chromium" tests="4" failures="0" skipped="0" time="10.608" errors="0">
<testcase name="Logs › page renders without errors" classname="logs.spec.js" time="1.964">
</testcase>
<testcase name="Logs › Fetch Logs button is present and clickable" classname="logs.spec.js" time="2.187">
</testcase>
<testcase name="Logs › Clear Logs button is present" classname="logs.spec.js" time="3.124">
</testcase>
<testcase name="Logs › fetching logs loads content" classname="logs.spec.js" time="3.333">
</testcase>
</testsuite>
<testsuite name="metrics.spec.js" timestamp="2026-07-17T14:59:23.241Z" hostname="chromium" tests="6" failures="0" skipped="0" time="35.637" errors="0">
<testcase name="Metrics › page renders summary statistics above filters" classname="metrics.spec.js" time="4.398">
</testcase>
<testcase name="Metrics › Load Metrics button fetches real API data" classname="metrics.spec.js" time="9.307">
</testcase>
<testcase name="Metrics › environment selector contains expected options" classname="metrics.spec.js" time="3.627">
</testcase>
<testcase name="Metrics › duration selector has all time period options" classname="metrics.spec.js" time="3.762">
</testcase>
<testcase name="Metrics › summary stats update after data loads" classname="metrics.spec.js" time="8.703">
</testcase>
<testcase name="Metrics › filter persistence: selections survive page reload" classname="metrics.spec.js" time="5.84">
</testcase>
</testsuite>
<testsuite name="settings.spec.js" timestamp="2026-07-17T14:59:23.241Z" hostname="chromium" tests="4" failures="0" skipped="0" time="8.828" errors="0">
<testcase name="Settings › settings page renders without errors" classname="settings.spec.js" time="2.126">
</testcase>
<testcase name="Settings › machine token section is present" classname="settings.spec.js" time="1.552">
</testcase>
<testcase name="Settings › session token section renders" classname="settings.spec.js" time="2.648">
</testcase>
<testcase name="Settings › per-user token documentation is visible" classname="settings.spec.js" time="2.502">
</testcase>
</testsuite>
<testsuite name="workflows.spec.js" timestamp="2026-07-17T14:59:23.241Z" hostname="chromium" tests="4" failures="0" skipped="0" time="10.532" errors="0">
<testcase name="Workflows › page renders without errors" classname="workflows.spec.js" time="2.729">
</testcase>
<testcase name="Workflows › available workflows section renders" classname="workflows.spec.js" time="2.931">
</testcase>
<testcase name="Workflows › Object Cache Pro workflow card is present" classname="workflows.spec.js" time="2.752">
</testcase>
<testcase name="Workflows › trigger workflow button is present" classname="workflows.spec.js" time="2.12">
</testcase>
</testsuite>
</testsuites>