<testsuites id="" name="" tests="133" failures="28" skipped="2" errors="24" time="1424.4922350000002">
<testsuite name="global.setup.js" timestamp="2026-04-28T17:16:07.332Z" hostname="setup" tests="1" failures="0" skipped="0" time="7.039" errors="0">
<testcase name="authenticate as admin" classname="global.setup.js" time="7.039">
</testcase>
</testsuite>
<testsuite name="a11y.spec.js" timestamp="2026-04-28T17:16:07.332Z" hostname="chromium" tests="12" failures="0" skipped="0" time="210.43" errors="12">
<testcase name="Dashboard page has no critical/serious a11y violations" classname="a11y.spec.js" time="67.181">
<system-out>
<![CDATA[
[[ATTACHMENT|../test-results/a11y-Dashboard-page-has-no-critical-serious-a11y-violations-chromium/video.webm]]

[[ATTACHMENT|../test-results/a11y-Dashboard-page-has-no-critical-serious-a11y-violations-chromium/error-context.md]]

[[ATTACHMENT|../test-results/a11y-Dashboard-page-has-no-critical-serious-a11y-violations-chromium/trace.zip]]

[[ATTACHMENT|../test-results/a11y-Dashboard-page-has-no-critical-serious-a11y-violations-chromium-retry1/test-failed-1.png]]

[[ATTACHMENT|../test-results/a11y-Dashboard-page-has-no-critical-serious-a11y-violations-chromium-retry1/video-1.webm]]

[[ATTACHMENT|../test-results/a11y-Dashboard-page-has-no-critical-serious-a11y-violations-chromium-retry1/video.webm]]

[[ATTACHMENT|../test-results/a11y-Dashboard-page-has-no-critical-serious-a11y-violations-chromium-retry1/error-context.md]]

[[ATTACHMENT|../test-results/a11y-Dashboard-page-has-no-critical-serious-a11y-violations-chromium-retry1/trace.zip]]
]]>
</system-out>
<error message="Test timeout of 30000ms exceeded." type="Error">
<![CDATA[  [chromium] › a11y.spec.js:25:3 › Dashboard page has no critical/serious a11y violations ──────────

    Test timeout of 30000ms exceeded.

    TimeoutError: page.goto: Timeout 30000ms exceeded.
    Call log:
      - navigating to "https://e2e-3-cxr-ash-nazg.pantheonsite.io/wp-admin/admin.php?page=ash-nazg", waiting until "load"


       at fixtures/admin-page.js:14

      12 |     ? `/wp-admin/admin.php?page=${slug}`
      13 |     : '/wp-admin/admin.php?page=ash-nazg';
    > 14 |   await page.goto(url);
         |              ^
      15 |   await page.waitForLoadState('networkidle');
      16 | }
      17 |
        at goToPluginPage (/home/runner/work/ash-nazg/ash-nazg/tests/e2e/fixtures/admin-page.js:14:14)
        at /home/runner/work/ash-nazg/ash-nazg/tests/e2e/a11y.spec.js:26:11

    attachment #1: video (video/webm) ──────────────────────────────────────────────────────────────
    ../../test-results/a11y-Dashboard-page-has-no-critical-serious-a11y-violations-chromium/video.webm
    ────────────────────────────────────────────────────────────────────────────────────────────────

    Error Context: ../../test-results/a11y-Dashboard-page-has-no-critical-serious-a11y-violations-chromium/error-context.md

    attachment #3: trace (application/zip) ─────────────────────────────────────────────────────────
    ../../test-results/a11y-Dashboard-page-has-no-critical-serious-a11y-violations-chromium/trace.zip
    Usage:

        npx playwright show-trace ../../test-results/a11y-Dashboard-page-has-no-critical-serious-a11y-violations-chromium/trace.zip

    ────────────────────────────────────────────────────────────────────────────────────────────────

    Retry #1 ───────────────────────────────────────────────────────────────────────────────────────

    Error: Axe found 1 critical/serious violation(s):
    [serious] color-contrast: Ensure the contrast between foreground and background colors meets WCAG 2 AA minimum contrast ratio thresholds (5 node(s))

       at fixtures/admin-page.js:50

      48 |       `[${v.impact}] ${v.id}: ${v.description} (${v.nodes.length} node(s))`
      49 |     ).join('\n');
    > 50 |     throw new Error(`Axe found ${blocking.length} critical/serious violation(s):\n${summary}`);
         |           ^
      51 |   }
      52 | }
      53 |
        at assertNoA11yViolations (/home/runner/work/ash-nazg/ash-nazg/tests/e2e/fixtures/admin-page.js:50:11)
        at /home/runner/work/ash-nazg/ash-nazg/tests/e2e/a11y.spec.js:28:5

    attachment #2: screenshot (image/png) ──────────────────────────────────────────────────────────
    ../../test-results/a11y-Dashboard-page-has-no-critical-serious-a11y-violations-chromium-retry1/test-failed-1.png
    ────────────────────────────────────────────────────────────────────────────────────────────────

    attachment #3: video (video/webm) ──────────────────────────────────────────────────────────────
    ../../test-results/a11y-Dashboard-page-has-no-critical-serious-a11y-violations-chromium-retry1/video-1.webm
    ────────────────────────────────────────────────────────────────────────────────────────────────

    attachment #4: video (video/webm) ──────────────────────────────────────────────────────────────
    ../../test-results/a11y-Dashboard-page-has-no-critical-serious-a11y-violations-chromium-retry1/video.webm
    ────────────────────────────────────────────────────────────────────────────────────────────────

    Error Context: ../../test-results/a11y-Dashboard-page-has-no-critical-serious-a11y-violations-chromium-retry1/error-context.md

    attachment #6: trace (application/zip) ─────────────────────────────────────────────────────────
    ../../test-results/a11y-Dashboard-page-has-no-critical-serious-a11y-violations-chromium-retry1/trace.zip
    Usage:

        npx playwright show-trace ../../test-results/a11y-Dashboard-page-has-no-critical-serious-a11y-violations-chromium-retry1/trace.zip

    ────────────────────────────────────────────────────────────────────────────────────────────────
]]>
</error>
</testcase>
<testcase name="Metrics page has no critical/serious a11y violations" classname="a11y.spec.js" time="12.244">
<system-out>
<![CDATA[
[[ATTACHMENT|../test-results/a11y-Metrics-page-has-no-critical-serious-a11y-violations-chromium/test-failed-1.png]]

[[ATTACHMENT|../test-results/a11y-Metrics-page-has-no-critical-serious-a11y-violations-chromium/video-1.webm]]

[[ATTACHMENT|../test-results/a11y-Metrics-page-has-no-critical-serious-a11y-violations-chromium/video.webm]]

[[ATTACHMENT|../test-results/a11y-Metrics-page-has-no-critical-serious-a11y-violations-chromium/error-context.md]]

[[ATTACHMENT|../test-results/a11y-Metrics-page-has-no-critical-serious-a11y-violations-chromium/trace.zip]]

[[ATTACHMENT|../test-results/a11y-Metrics-page-has-no-critical-serious-a11y-violations-chromium-retry1/test-failed-1.png]]

[[ATTACHMENT|../test-results/a11y-Metrics-page-has-no-critical-serious-a11y-violations-chromium-retry1/video-1.webm]]

[[ATTACHMENT|../test-results/a11y-Metrics-page-has-no-critical-serious-a11y-violations-chromium-retry1/video.webm]]

[[ATTACHMENT|../test-results/a11y-Metrics-page-has-no-critical-serious-a11y-violations-chromium-retry1/error-context.md]]

[[ATTACHMENT|../test-results/a11y-Metrics-page-has-no-critical-serious-a11y-violations-chromium-retry1/trace.zip]]
]]>
</system-out>
<error message="Axe found 1 critical/serious violation(s):" type="Error">
<![CDATA[  [chromium] › a11y.spec.js:25:3 › Metrics page has no critical/serious a11y violations ────────────

    Error: Axe found 1 critical/serious violation(s):
    [serious] color-contrast: Ensure the contrast between foreground and background colors meets WCAG 2 AA minimum contrast ratio thresholds (1 node(s))

       at fixtures/admin-page.js:50

      48 |       `[${v.impact}] ${v.id}: ${v.description} (${v.nodes.length} node(s))`
      49 |     ).join('\n');
    > 50 |     throw new Error(`Axe found ${blocking.length} critical/serious violation(s):\n${summary}`);
         |           ^
      51 |   }
      52 | }
      53 |
        at assertNoA11yViolations (/home/runner/work/ash-nazg/ash-nazg/tests/e2e/fixtures/admin-page.js:50:11)
        at /home/runner/work/ash-nazg/ash-nazg/tests/e2e/a11y.spec.js:28:5

    attachment #2: screenshot (image/png) ──────────────────────────────────────────────────────────
    ../../test-results/a11y-Metrics-page-has-no-critical-serious-a11y-violations-chromium/test-failed-1.png
    ────────────────────────────────────────────────────────────────────────────────────────────────

    attachment #3: video (video/webm) ──────────────────────────────────────────────────────────────
    ../../test-results/a11y-Metrics-page-has-no-critical-serious-a11y-violations-chromium/video-1.webm
    ────────────────────────────────────────────────────────────────────────────────────────────────

    attachment #4: video (video/webm) ──────────────────────────────────────────────────────────────
    ../../test-results/a11y-Metrics-page-has-no-critical-serious-a11y-violations-chromium/video.webm
    ────────────────────────────────────────────────────────────────────────────────────────────────

    Error Context: ../../test-results/a11y-Metrics-page-has-no-critical-serious-a11y-violations-chromium/error-context.md

    attachment #6: trace (application/zip) ─────────────────────────────────────────────────────────
    ../../test-results/a11y-Metrics-page-has-no-critical-serious-a11y-violations-chromium/trace.zip
    Usage:

        npx playwright show-trace ../../test-results/a11y-Metrics-page-has-no-critical-serious-a11y-violations-chromium/trace.zip

    ────────────────────────────────────────────────────────────────────────────────────────────────

    Retry #1 ───────────────────────────────────────────────────────────────────────────────────────

    Error: Axe found 1 critical/serious violation(s):
    [serious] color-contrast: Ensure the contrast between foreground and background colors meets WCAG 2 AA minimum contrast ratio thresholds (1 node(s))

       at fixtures/admin-page.js:50

      48 |       `[${v.impact}] ${v.id}: ${v.description} (${v.nodes.length} node(s))`
      49 |     ).join('\n');
    > 50 |     throw new Error(`Axe found ${blocking.length} critical/serious violation(s):\n${summary}`);
         |           ^
      51 |   }
      52 | }
      53 |
        at assertNoA11yViolations (/home/runner/work/ash-nazg/ash-nazg/tests/e2e/fixtures/admin-page.js:50:11)
        at /home/runner/work/ash-nazg/ash-nazg/tests/e2e/a11y.spec.js:28:5

    attachment #2: screenshot (image/png) ──────────────────────────────────────────────────────────
    ../../test-results/a11y-Metrics-page-has-no-critical-serious-a11y-violations-chromium-retry1/test-failed-1.png
    ────────────────────────────────────────────────────────────────────────────────────────────────

    attachment #3: video (video/webm) ──────────────────────────────────────────────────────────────
    ../../test-results/a11y-Metrics-page-has-no-critical-serious-a11y-violations-chromium-retry1/video-1.webm
    ────────────────────────────────────────────────────────────────────────────────────────────────

    attachment #4: video (video/webm) ──────────────────────────────────────────────────────────────
    ../../test-results/a11y-Metrics-page-has-no-critical-serious-a11y-violations-chromium-retry1/video.webm
    ────────────────────────────────────────────────────────────────────────────────────────────────

    Error Context: ../../test-results/a11y-Metrics-page-has-no-critical-serious-a11y-violations-chromium-retry1/error-context.md

    attachment #6: trace (application/zip) ─────────────────────────────────────────────────────────
    ../../test-results/a11y-Metrics-page-has-no-critical-serious-a11y-violations-chromium-retry1/trace.zip
    Usage:

        npx playwright show-trace ../../test-results/a11y-Metrics-page-has-no-critical-serious-a11y-violations-chromium-retry1/trace.zip

    ────────────────────────────────────────────────────────────────────────────────────────────────
]]>
</error>
</testcase>
<testcase name="Development page has no critical/serious a11y violations" classname="a11y.spec.js" time="14.911">
<system-out>
<![CDATA[
[[ATTACHMENT|../test-results/a11y-Development-page-has--c7a6c-cal-serious-a11y-violations-chromium/test-failed-1.png]]

[[ATTACHMENT|../test-results/a11y-Development-page-has--c7a6c-cal-serious-a11y-violations-chromium/video-1.webm]]

[[ATTACHMENT|../test-results/a11y-Development-page-has--c7a6c-cal-serious-a11y-violations-chromium/video.webm]]

[[ATTACHMENT|../test-results/a11y-Development-page-has--c7a6c-cal-serious-a11y-violations-chromium/error-context.md]]

[[ATTACHMENT|../test-results/a11y-Development-page-has--c7a6c-cal-serious-a11y-violations-chromium/trace.zip]]

[[ATTACHMENT|../test-results/a11y-Development-page-has--c7a6c-cal-serious-a11y-violations-chromium-retry1/test-failed-1.png]]

[[ATTACHMENT|../test-results/a11y-Development-page-has--c7a6c-cal-serious-a11y-violations-chromium-retry1/video-1.webm]]

[[ATTACHMENT|../test-results/a11y-Development-page-has--c7a6c-cal-serious-a11y-violations-chromium-retry1/video.webm]]

[[ATTACHMENT|../test-results/a11y-Development-page-has--c7a6c-cal-serious-a11y-violations-chromium-retry1/error-context.md]]

[[ATTACHMENT|../test-results/a11y-Development-page-has--c7a6c-cal-serious-a11y-violations-chromium-retry1/trace.zip]]
]]>
</system-out>
<error message="Axe found 1 critical/serious violation(s):" type="Error">
<![CDATA[  [chromium] › a11y.spec.js:25:3 › Development page has no critical/serious a11y violations ────────

    Error: Axe found 1 critical/serious violation(s):
    [serious] color-contrast: Ensure the contrast between foreground and background colors meets WCAG 2 AA minimum contrast ratio thresholds (1 node(s))

       at fixtures/admin-page.js:50

      48 |       `[${v.impact}] ${v.id}: ${v.description} (${v.nodes.length} node(s))`
      49 |     ).join('\n');
    > 50 |     throw new Error(`Axe found ${blocking.length} critical/serious violation(s):\n${summary}`);
         |           ^
      51 |   }
      52 | }
      53 |
        at assertNoA11yViolations (/home/runner/work/ash-nazg/ash-nazg/tests/e2e/fixtures/admin-page.js:50:11)
        at /home/runner/work/ash-nazg/ash-nazg/tests/e2e/a11y.spec.js:28:5

    attachment #2: screenshot (image/png) ──────────────────────────────────────────────────────────
    ../../test-results/a11y-Development-page-has--c7a6c-cal-serious-a11y-violations-chromium/test-failed-1.png
    ────────────────────────────────────────────────────────────────────────────────────────────────

    attachment #3: video (video/webm) ──────────────────────────────────────────────────────────────
    ../../test-results/a11y-Development-page-has--c7a6c-cal-serious-a11y-violations-chromium/video-1.webm
    ────────────────────────────────────────────────────────────────────────────────────────────────

    attachment #4: video (video/webm) ──────────────────────────────────────────────────────────────
    ../../test-results/a11y-Development-page-has--c7a6c-cal-serious-a11y-violations-chromium/video.webm
    ────────────────────────────────────────────────────────────────────────────────────────────────

    Error Context: ../../test-results/a11y-Development-page-has--c7a6c-cal-serious-a11y-violations-chromium/error-context.md

    attachment #6: trace (application/zip) ─────────────────────────────────────────────────────────
    ../../test-results/a11y-Development-page-has--c7a6c-cal-serious-a11y-violations-chromium/trace.zip
    Usage:

        npx playwright show-trace ../../test-results/a11y-Development-page-has--c7a6c-cal-serious-a11y-violations-chromium/trace.zip

    ────────────────────────────────────────────────────────────────────────────────────────────────

    Retry #1 ───────────────────────────────────────────────────────────────────────────────────────

    Error: Axe found 1 critical/serious violation(s):
    [serious] color-contrast: Ensure the contrast between foreground and background colors meets WCAG 2 AA minimum contrast ratio thresholds (1 node(s))

       at fixtures/admin-page.js:50

      48 |       `[${v.impact}] ${v.id}: ${v.description} (${v.nodes.length} node(s))`
      49 |     ).join('\n');
    > 50 |     throw new Error(`Axe found ${blocking.length} critical/serious violation(s):\n${summary}`);
         |           ^
      51 |   }
      52 | }
      53 |
        at assertNoA11yViolations (/home/runner/work/ash-nazg/ash-nazg/tests/e2e/fixtures/admin-page.js:50:11)
        at /home/runner/work/ash-nazg/ash-nazg/tests/e2e/a11y.spec.js:28:5

    attachment #2: screenshot (image/png) ──────────────────────────────────────────────────────────
    ../../test-results/a11y-Development-page-has--c7a6c-cal-serious-a11y-violations-chromium-retry1/test-failed-1.png
    ────────────────────────────────────────────────────────────────────────────────────────────────

    attachment #3: video (video/webm) ──────────────────────────────────────────────────────────────
    ../../test-results/a11y-Development-page-has--c7a6c-cal-serious-a11y-violations-chromium-retry1/video-1.webm
    ────────────────────────────────────────────────────────────────────────────────────────────────

    attachment #4: video (video/webm) ──────────────────────────────────────────────────────────────
    ../../test-results/a11y-Development-page-has--c7a6c-cal-serious-a11y-violations-chromium-retry1/video.webm
    ────────────────────────────────────────────────────────────────────────────────────────────────

    Error Context: ../../test-results/a11y-Development-page-has--c7a6c-cal-serious-a11y-violations-chromium-retry1/error-context.md

    attachment #6: trace (application/zip) ─────────────────────────────────────────────────────────
    ../../test-results/a11y-Development-page-has--c7a6c-cal-serious-a11y-violations-chromium-retry1/trace.zip
    Usage:

        npx playwright show-trace ../../test-results/a11y-Development-page-has--c7a6c-cal-serious-a11y-violations-chromium-retry1/trace.zip

    ────────────────────────────────────────────────────────────────────────────────────────────────
]]>
</error>
</testcase>
<testcase name="Addons page has no critical/serious a11y violations" classname="a11y.spec.js" time="11.035">
<system-out>
<![CDATA[
[[ATTACHMENT|../test-results/a11y-Addons-page-has-no-critical-serious-a11y-violations-chromium/test-failed-1.png]]

[[ATTACHMENT|../test-results/a11y-Addons-page-has-no-critical-serious-a11y-violations-chromium/video-1.webm]]

[[ATTACHMENT|../test-results/a11y-Addons-page-has-no-critical-serious-a11y-violations-chromium/video.webm]]

[[ATTACHMENT|../test-results/a11y-Addons-page-has-no-critical-serious-a11y-violations-chromium/error-context.md]]

[[ATTACHMENT|../test-results/a11y-Addons-page-has-no-critical-serious-a11y-violations-chromium/trace.zip]]

[[ATTACHMENT|../test-results/a11y-Addons-page-has-no-critical-serious-a11y-violations-chromium-retry1/test-failed-1.png]]

[[ATTACHMENT|../test-results/a11y-Addons-page-has-no-critical-serious-a11y-violations-chromium-retry1/video.webm]]

[[ATTACHMENT|../test-results/a11y-Addons-page-has-no-critical-serious-a11y-violations-chromium-retry1/video-1.webm]]

[[ATTACHMENT|../test-results/a11y-Addons-page-has-no-critical-serious-a11y-violations-chromium-retry1/error-context.md]]

[[ATTACHMENT|../test-results/a11y-Addons-page-has-no-critical-serious-a11y-violations-chromium-retry1/trace.zip]]
]]>
</system-out>
<error message="Axe found 1 critical/serious violation(s):" type="Error">
<![CDATA[  [chromium] › a11y.spec.js:25:3 › Addons page has no critical/serious a11y violations ─────────────

    Error: Axe found 1 critical/serious violation(s):
    [serious] color-contrast: Ensure the contrast between foreground and background colors meets WCAG 2 AA minimum contrast ratio thresholds (1 node(s))

       at fixtures/admin-page.js:50

      48 |       `[${v.impact}] ${v.id}: ${v.description} (${v.nodes.length} node(s))`
      49 |     ).join('\n');
    > 50 |     throw new Error(`Axe found ${blocking.length} critical/serious violation(s):\n${summary}`);
         |           ^
      51 |   }
      52 | }
      53 |
        at assertNoA11yViolations (/home/runner/work/ash-nazg/ash-nazg/tests/e2e/fixtures/admin-page.js:50:11)
        at /home/runner/work/ash-nazg/ash-nazg/tests/e2e/a11y.spec.js:28:5

    attachment #2: screenshot (image/png) ──────────────────────────────────────────────────────────
    ../../test-results/a11y-Addons-page-has-no-critical-serious-a11y-violations-chromium/test-failed-1.png
    ────────────────────────────────────────────────────────────────────────────────────────────────

    attachment #3: video (video/webm) ──────────────────────────────────────────────────────────────
    ../../test-results/a11y-Addons-page-has-no-critical-serious-a11y-violations-chromium/video-1.webm
    ────────────────────────────────────────────────────────────────────────────────────────────────

    attachment #4: video (video/webm) ──────────────────────────────────────────────────────────────
    ../../test-results/a11y-Addons-page-has-no-critical-serious-a11y-violations-chromium/video.webm
    ────────────────────────────────────────────────────────────────────────────────────────────────

    Error Context: ../../test-results/a11y-Addons-page-has-no-critical-serious-a11y-violations-chromium/error-context.md

    attachment #6: trace (application/zip) ─────────────────────────────────────────────────────────
    ../../test-results/a11y-Addons-page-has-no-critical-serious-a11y-violations-chromium/trace.zip
    Usage:

        npx playwright show-trace ../../test-results/a11y-Addons-page-has-no-critical-serious-a11y-violations-chromium/trace.zip

    ────────────────────────────────────────────────────────────────────────────────────────────────

    Retry #1 ───────────────────────────────────────────────────────────────────────────────────────

    Error: Axe found 1 critical/serious violation(s):
    [serious] color-contrast: Ensure the contrast between foreground and background colors meets WCAG 2 AA minimum contrast ratio thresholds (1 node(s))

       at fixtures/admin-page.js:50

      48 |       `[${v.impact}] ${v.id}: ${v.description} (${v.nodes.length} node(s))`
      49 |     ).join('\n');
    > 50 |     throw new Error(`Axe found ${blocking.length} critical/serious violation(s):\n${summary}`);
         |           ^
      51 |   }
      52 | }
      53 |
        at assertNoA11yViolations (/home/runner/work/ash-nazg/ash-nazg/tests/e2e/fixtures/admin-page.js:50:11)
        at /home/runner/work/ash-nazg/ash-nazg/tests/e2e/a11y.spec.js:28:5

    attachment #2: screenshot (image/png) ──────────────────────────────────────────────────────────
    ../../test-results/a11y-Addons-page-has-no-critical-serious-a11y-violations-chromium-retry1/test-failed-1.png
    ────────────────────────────────────────────────────────────────────────────────────────────────

    attachment #3: video (video/webm) ──────────────────────────────────────────────────────────────
    ../../test-results/a11y-Addons-page-has-no-critical-serious-a11y-violations-chromium-retry1/video.webm
    ────────────────────────────────────────────────────────────────────────────────────────────────

    attachment #4: video (video/webm) ──────────────────────────────────────────────────────────────
    ../../test-results/a11y-Addons-page-has-no-critical-serious-a11y-violations-chromium-retry1/video-1.webm
    ────────────────────────────────────────────────────────────────────────────────────────────────

    Error Context: ../../test-results/a11y-Addons-page-has-no-critical-serious-a11y-violations-chromium-retry1/error-context.md

    attachment #6: trace (application/zip) ─────────────────────────────────────────────────────────
    ../../test-results/a11y-Addons-page-has-no-critical-serious-a11y-violations-chromium-retry1/trace.zip
    Usage:

        npx playwright show-trace ../../test-results/a11y-Addons-page-has-no-critical-serious-a11y-violations-chromium-retry1/trace.zip

    ────────────────────────────────────────────────────────────────────────────────────────────────
]]>
</error>
</testcase>
<testcase name="Workflows page has no critical/serious a11y violations" classname="a11y.spec.js" time="10.877">
<system-out>
<![CDATA[
[[ATTACHMENT|../test-results/a11y-Workflows-page-has-no-critical-serious-a11y-violations-chromium/test-failed-1.png]]

[[ATTACHMENT|../test-results/a11y-Workflows-page-has-no-critical-serious-a11y-violations-chromium/video-1.webm]]

[[ATTACHMENT|../test-results/a11y-Workflows-page-has-no-critical-serious-a11y-violations-chromium/video.webm]]

[[ATTACHMENT|../test-results/a11y-Workflows-page-has-no-critical-serious-a11y-violations-chromium/error-context.md]]

[[ATTACHMENT|../test-results/a11y-Workflows-page-has-no-critical-serious-a11y-violations-chromium/trace.zip]]

[[ATTACHMENT|../test-results/a11y-Workflows-page-has-no-critical-serious-a11y-violations-chromium-retry1/test-failed-1.png]]

[[ATTACHMENT|../test-results/a11y-Workflows-page-has-no-critical-serious-a11y-violations-chromium-retry1/video.webm]]

[[ATTACHMENT|../test-results/a11y-Workflows-page-has-no-critical-serious-a11y-violations-chromium-retry1/video-1.webm]]

[[ATTACHMENT|../test-results/a11y-Workflows-page-has-no-critical-serious-a11y-violations-chromium-retry1/error-context.md]]

[[ATTACHMENT|../test-results/a11y-Workflows-page-has-no-critical-serious-a11y-violations-chromium-retry1/trace.zip]]
]]>
</system-out>
<error message="Axe found 1 critical/serious violation(s):" type="Error">
<![CDATA[  [chromium] › a11y.spec.js:25:3 › Workflows page has no critical/serious a11y violations ──────────

    Error: Axe found 1 critical/serious violation(s):
    [serious] color-contrast: Ensure the contrast between foreground and background colors meets WCAG 2 AA minimum contrast ratio thresholds (4 node(s))

       at fixtures/admin-page.js:50

      48 |       `[${v.impact}] ${v.id}: ${v.description} (${v.nodes.length} node(s))`
      49 |     ).join('\n');
    > 50 |     throw new Error(`Axe found ${blocking.length} critical/serious violation(s):\n${summary}`);
         |           ^
      51 |   }
      52 | }
      53 |
        at assertNoA11yViolations (/home/runner/work/ash-nazg/ash-nazg/tests/e2e/fixtures/admin-page.js:50:11)
        at /home/runner/work/ash-nazg/ash-nazg/tests/e2e/a11y.spec.js:28:5

    attachment #2: screenshot (image/png) ──────────────────────────────────────────────────────────
    ../../test-results/a11y-Workflows-page-has-no-critical-serious-a11y-violations-chromium/test-failed-1.png
    ────────────────────────────────────────────────────────────────────────────────────────────────

    attachment #3: video (video/webm) ──────────────────────────────────────────────────────────────
    ../../test-results/a11y-Workflows-page-has-no-critical-serious-a11y-violations-chromium/video-1.webm
    ────────────────────────────────────────────────────────────────────────────────────────────────

    attachment #4: video (video/webm) ──────────────────────────────────────────────────────────────
    ../../test-results/a11y-Workflows-page-has-no-critical-serious-a11y-violations-chromium/video.webm
    ────────────────────────────────────────────────────────────────────────────────────────────────

    Error Context: ../../test-results/a11y-Workflows-page-has-no-critical-serious-a11y-violations-chromium/error-context.md

    attachment #6: trace (application/zip) ─────────────────────────────────────────────────────────
    ../../test-results/a11y-Workflows-page-has-no-critical-serious-a11y-violations-chromium/trace.zip
    Usage:

        npx playwright show-trace ../../test-results/a11y-Workflows-page-has-no-critical-serious-a11y-violations-chromium/trace.zip

    ────────────────────────────────────────────────────────────────────────────────────────────────

    Retry #1 ───────────────────────────────────────────────────────────────────────────────────────

    Error: Axe found 1 critical/serious violation(s):
    [serious] color-contrast: Ensure the contrast between foreground and background colors meets WCAG 2 AA minimum contrast ratio thresholds (4 node(s))

       at fixtures/admin-page.js:50

      48 |       `[${v.impact}] ${v.id}: ${v.description} (${v.nodes.length} node(s))`
      49 |     ).join('\n');
    > 50 |     throw new Error(`Axe found ${blocking.length} critical/serious violation(s):\n${summary}`);
         |           ^
      51 |   }
      52 | }
      53 |
        at assertNoA11yViolations (/home/runner/work/ash-nazg/ash-nazg/tests/e2e/fixtures/admin-page.js:50:11)
        at /home/runner/work/ash-nazg/ash-nazg/tests/e2e/a11y.spec.js:28:5

    attachment #2: screenshot (image/png) ──────────────────────────────────────────────────────────
    ../../test-results/a11y-Workflows-page-has-no-critical-serious-a11y-violations-chromium-retry1/test-failed-1.png
    ────────────────────────────────────────────────────────────────────────────────────────────────

    attachment #3: video (video/webm) ──────────────────────────────────────────────────────────────
    ../../test-results/a11y-Workflows-page-has-no-critical-serious-a11y-violations-chromium-retry1/video.webm
    ────────────────────────────────────────────────────────────────────────────────────────────────

    attachment #4: video (video/webm) ──────────────────────────────────────────────────────────────
    ../../test-results/a11y-Workflows-page-has-no-critical-serious-a11y-violations-chromium-retry1/video-1.webm
    ────────────────────────────────────────────────────────────────────────────────────────────────

    Error Context: ../../test-results/a11y-Workflows-page-has-no-critical-serious-a11y-violations-chromium-retry1/error-context.md

    attachment #6: trace (application/zip) ─────────────────────────────────────────────────────────
    ../../test-results/a11y-Workflows-page-has-no-critical-serious-a11y-violations-chromium-retry1/trace.zip
    Usage:

        npx playwright show-trace ../../test-results/a11y-Workflows-page-has-no-critical-serious-a11y-violations-chromium-retry1/trace.zip

    ────────────────────────────────────────────────────────────────────────────────────────────────
]]>
</error>
</testcase>
<testcase name="Backups page has no critical/serious a11y violations" classname="a11y.spec.js" time="12.739">
<system-out>
<![CDATA[
[[ATTACHMENT|../test-results/a11y-Backups-page-has-no-critical-serious-a11y-violations-chromium/test-failed-1.png]]

[[ATTACHMENT|../test-results/a11y-Backups-page-has-no-critical-serious-a11y-violations-chromium/video-1.webm]]

[[ATTACHMENT|../test-results/a11y-Backups-page-has-no-critical-serious-a11y-violations-chromium/video.webm]]

[[ATTACHMENT|../test-results/a11y-Backups-page-has-no-critical-serious-a11y-violations-chromium/error-context.md]]

[[ATTACHMENT|../test-results/a11y-Backups-page-has-no-critical-serious-a11y-violations-chromium/trace.zip]]

[[ATTACHMENT|../test-results/a11y-Backups-page-has-no-critical-serious-a11y-violations-chromium-retry1/test-failed-1.png]]

[[ATTACHMENT|../test-results/a11y-Backups-page-has-no-critical-serious-a11y-violations-chromium-retry1/video-1.webm]]

[[ATTACHMENT|../test-results/a11y-Backups-page-has-no-critical-serious-a11y-violations-chromium-retry1/video.webm]]

[[ATTACHMENT|../test-results/a11y-Backups-page-has-no-critical-serious-a11y-violations-chromium-retry1/error-context.md]]

[[ATTACHMENT|../test-results/a11y-Backups-page-has-no-critical-serious-a11y-violations-chromium-retry1/trace.zip]]
]]>
</system-out>
<error message="Axe found 1 critical/serious violation(s):" type="Error">
<![CDATA[  [chromium] › a11y.spec.js:25:3 › Backups page has no critical/serious a11y violations ────────────

    Error: Axe found 1 critical/serious violation(s):
    [serious] color-contrast: Ensure the contrast between foreground and background colors meets WCAG 2 AA minimum contrast ratio thresholds (1 node(s))

       at fixtures/admin-page.js:50

      48 |       `[${v.impact}] ${v.id}: ${v.description} (${v.nodes.length} node(s))`
      49 |     ).join('\n');
    > 50 |     throw new Error(`Axe found ${blocking.length} critical/serious violation(s):\n${summary}`);
         |           ^
      51 |   }
      52 | }
      53 |
        at assertNoA11yViolations (/home/runner/work/ash-nazg/ash-nazg/tests/e2e/fixtures/admin-page.js:50:11)
        at /home/runner/work/ash-nazg/ash-nazg/tests/e2e/a11y.spec.js:28:5

    attachment #2: screenshot (image/png) ──────────────────────────────────────────────────────────
    ../../test-results/a11y-Backups-page-has-no-critical-serious-a11y-violations-chromium/test-failed-1.png
    ────────────────────────────────────────────────────────────────────────────────────────────────

    attachment #3: video (video/webm) ──────────────────────────────────────────────────────────────
    ../../test-results/a11y-Backups-page-has-no-critical-serious-a11y-violations-chromium/video-1.webm
    ────────────────────────────────────────────────────────────────────────────────────────────────

    attachment #4: video (video/webm) ──────────────────────────────────────────────────────────────
    ../../test-results/a11y-Backups-page-has-no-critical-serious-a11y-violations-chromium/video.webm
    ────────────────────────────────────────────────────────────────────────────────────────────────

    Error Context: ../../test-results/a11y-Backups-page-has-no-critical-serious-a11y-violations-chromium/error-context.md

    attachment #6: trace (application/zip) ─────────────────────────────────────────────────────────
    ../../test-results/a11y-Backups-page-has-no-critical-serious-a11y-violations-chromium/trace.zip
    Usage:

        npx playwright show-trace ../../test-results/a11y-Backups-page-has-no-critical-serious-a11y-violations-chromium/trace.zip

    ────────────────────────────────────────────────────────────────────────────────────────────────

    Retry #1 ───────────────────────────────────────────────────────────────────────────────────────

    Error: Axe found 1 critical/serious violation(s):
    [serious] color-contrast: Ensure the contrast between foreground and background colors meets WCAG 2 AA minimum contrast ratio thresholds (1 node(s))

       at fixtures/admin-page.js:50

      48 |       `[${v.impact}] ${v.id}: ${v.description} (${v.nodes.length} node(s))`
      49 |     ).join('\n');
    > 50 |     throw new Error(`Axe found ${blocking.length} critical/serious violation(s):\n${summary}`);
         |           ^
      51 |   }
      52 | }
      53 |
        at assertNoA11yViolations (/home/runner/work/ash-nazg/ash-nazg/tests/e2e/fixtures/admin-page.js:50:11)
        at /home/runner/work/ash-nazg/ash-nazg/tests/e2e/a11y.spec.js:28:5

    attachment #2: screenshot (image/png) ──────────────────────────────────────────────────────────
    ../../test-results/a11y-Backups-page-has-no-critical-serious-a11y-violations-chromium-retry1/test-failed-1.png
    ────────────────────────────────────────────────────────────────────────────────────────────────

    attachment #3: video (video/webm) ──────────────────────────────────────────────────────────────
    ../../test-results/a11y-Backups-page-has-no-critical-serious-a11y-violations-chromium-retry1/video-1.webm
    ────────────────────────────────────────────────────────────────────────────────────────────────

    attachment #4: video (video/webm) ──────────────────────────────────────────────────────────────
    ../../test-results/a11y-Backups-page-has-no-critical-serious-a11y-violations-chromium-retry1/video.webm
    ────────────────────────────────────────────────────────────────────────────────────────────────

    Error Context: ../../test-results/a11y-Backups-page-has-no-critical-serious-a11y-violations-chromium-retry1/error-context.md

    attachment #6: trace (application/zip) ─────────────────────────────────────────────────────────
    ../../test-results/a11y-Backups-page-has-no-critical-serious-a11y-violations-chromium-retry1/trace.zip
    Usage:

        npx playwright show-trace ../../test-results/a11y-Backups-page-has-no-critical-serious-a11y-violations-chromium-retry1/trace.zip

    ────────────────────────────────────────────────────────────────────────────────────────────────
]]>
</error>
</testcase>
<testcase name="Clone page has no critical/serious a11y violations" classname="a11y.spec.js" time="11.158">
<system-out>
<![CDATA[
[[ATTACHMENT|../test-results/a11y-Clone-page-has-no-critical-serious-a11y-violations-chromium/test-failed-1.png]]

[[ATTACHMENT|../test-results/a11y-Clone-page-has-no-critical-serious-a11y-violations-chromium/video-1.webm]]

[[ATTACHMENT|../test-results/a11y-Clone-page-has-no-critical-serious-a11y-violations-chromium/video.webm]]

[[ATTACHMENT|../test-results/a11y-Clone-page-has-no-critical-serious-a11y-violations-chromium/error-context.md]]

[[ATTACHMENT|../test-results/a11y-Clone-page-has-no-critical-serious-a11y-violations-chromium/trace.zip]]

[[ATTACHMENT|../test-results/a11y-Clone-page-has-no-critical-serious-a11y-violations-chromium-retry1/test-failed-1.png]]

[[ATTACHMENT|../test-results/a11y-Clone-page-has-no-critical-serious-a11y-violations-chromium-retry1/video-1.webm]]

[[ATTACHMENT|../test-results/a11y-Clone-page-has-no-critical-serious-a11y-violations-chromium-retry1/video.webm]]

[[ATTACHMENT|../test-results/a11y-Clone-page-has-no-critical-serious-a11y-violations-chromium-retry1/error-context.md]]

[[ATTACHMENT|../test-results/a11y-Clone-page-has-no-critical-serious-a11y-violations-chromium-retry1/trace.zip]]
]]>
</system-out>
<error message="Axe found 1 critical/serious violation(s):" type="Error">
<![CDATA[  [chromium] › a11y.spec.js:25:3 › Clone page has no critical/serious a11y violations ──────────────

    Error: Axe found 1 critical/serious violation(s):
    [serious] color-contrast: Ensure the contrast between foreground and background colors meets WCAG 2 AA minimum contrast ratio thresholds (1 node(s))

       at fixtures/admin-page.js:50

      48 |       `[${v.impact}] ${v.id}: ${v.description} (${v.nodes.length} node(s))`
      49 |     ).join('\n');
    > 50 |     throw new Error(`Axe found ${blocking.length} critical/serious violation(s):\n${summary}`);
         |           ^
      51 |   }
      52 | }
      53 |
        at assertNoA11yViolations (/home/runner/work/ash-nazg/ash-nazg/tests/e2e/fixtures/admin-page.js:50:11)
        at /home/runner/work/ash-nazg/ash-nazg/tests/e2e/a11y.spec.js:28:5

    attachment #2: screenshot (image/png) ──────────────────────────────────────────────────────────
    ../../test-results/a11y-Clone-page-has-no-critical-serious-a11y-violations-chromium/test-failed-1.png
    ────────────────────────────────────────────────────────────────────────────────────────────────

    attachment #3: video (video/webm) ──────────────────────────────────────────────────────────────
    ../../test-results/a11y-Clone-page-has-no-critical-serious-a11y-violations-chromium/video-1.webm
    ────────────────────────────────────────────────────────────────────────────────────────────────

    attachment #4: video (video/webm) ──────────────────────────────────────────────────────────────
    ../../test-results/a11y-Clone-page-has-no-critical-serious-a11y-violations-chromium/video.webm
    ────────────────────────────────────────────────────────────────────────────────────────────────

    Error Context: ../../test-results/a11y-Clone-page-has-no-critical-serious-a11y-violations-chromium/error-context.md

    attachment #6: trace (application/zip) ─────────────────────────────────────────────────────────
    ../../test-results/a11y-Clone-page-has-no-critical-serious-a11y-violations-chromium/trace.zip
    Usage:

        npx playwright show-trace ../../test-results/a11y-Clone-page-has-no-critical-serious-a11y-violations-chromium/trace.zip

    ────────────────────────────────────────────────────────────────────────────────────────────────

    Retry #1 ───────────────────────────────────────────────────────────────────────────────────────

    Error: Axe found 1 critical/serious violation(s):
    [serious] color-contrast: Ensure the contrast between foreground and background colors meets WCAG 2 AA minimum contrast ratio thresholds (1 node(s))

       at fixtures/admin-page.js:50

      48 |       `[${v.impact}] ${v.id}: ${v.description} (${v.nodes.length} node(s))`
      49 |     ).join('\n');
    > 50 |     throw new Error(`Axe found ${blocking.length} critical/serious violation(s):\n${summary}`);
         |           ^
      51 |   }
      52 | }
      53 |
        at assertNoA11yViolations (/home/runner/work/ash-nazg/ash-nazg/tests/e2e/fixtures/admin-page.js:50:11)
        at /home/runner/work/ash-nazg/ash-nazg/tests/e2e/a11y.spec.js:28:5

    attachment #2: screenshot (image/png) ──────────────────────────────────────────────────────────
    ../../test-results/a11y-Clone-page-has-no-critical-serious-a11y-violations-chromium-retry1/test-failed-1.png
    ────────────────────────────────────────────────────────────────────────────────────────────────

    attachment #3: video (video/webm) ──────────────────────────────────────────────────────────────
    ../../test-results/a11y-Clone-page-has-no-critical-serious-a11y-violations-chromium-retry1/video-1.webm
    ────────────────────────────────────────────────────────────────────────────────────────────────

    attachment #4: video (video/webm) ──────────────────────────────────────────────────────────────
    ../../test-results/a11y-Clone-page-has-no-critical-serious-a11y-violations-chromium-retry1/video.webm
    ────────────────────────────────────────────────────────────────────────────────────────────────

    Error Context: ../../test-results/a11y-Clone-page-has-no-critical-serious-a11y-violations-chromium-retry1/error-context.md

    attachment #6: trace (application/zip) ─────────────────────────────────────────────────────────
    ../../test-results/a11y-Clone-page-has-no-critical-serious-a11y-violations-chromium-retry1/trace.zip
    Usage:

        npx playwright show-trace ../../test-results/a11y-Clone-page-has-no-critical-serious-a11y-violations-chromium-retry1/trace.zip

    ────────────────────────────────────────────────────────────────────────────────────────────────
]]>
</error>
</testcase>
<testcase name="Logs page has no critical/serious a11y violations" classname="a11y.spec.js" time="10.98">
<system-out>
<![CDATA[
[[ATTACHMENT|../test-results/a11y-Logs-page-has-no-critical-serious-a11y-violations-chromium/test-failed-1.png]]

[[ATTACHMENT|../test-results/a11y-Logs-page-has-no-critical-serious-a11y-violations-chromium/video.webm]]

[[ATTACHMENT|../test-results/a11y-Logs-page-has-no-critical-serious-a11y-violations-chromium/video-1.webm]]

[[ATTACHMENT|../test-results/a11y-Logs-page-has-no-critical-serious-a11y-violations-chromium/error-context.md]]

[[ATTACHMENT|../test-results/a11y-Logs-page-has-no-critical-serious-a11y-violations-chromium/trace.zip]]

[[ATTACHMENT|../test-results/a11y-Logs-page-has-no-critical-serious-a11y-violations-chromium-retry1/test-failed-1.png]]

[[ATTACHMENT|../test-results/a11y-Logs-page-has-no-critical-serious-a11y-violations-chromium-retry1/video-1.webm]]

[[ATTACHMENT|../test-results/a11y-Logs-page-has-no-critical-serious-a11y-violations-chromium-retry1/video.webm]]

[[ATTACHMENT|../test-results/a11y-Logs-page-has-no-critical-serious-a11y-violations-chromium-retry1/error-context.md]]

[[ATTACHMENT|../test-results/a11y-Logs-page-has-no-critical-serious-a11y-violations-chromium-retry1/trace.zip]]
]]>
</system-out>
<error message="Axe found 1 critical/serious violation(s):" type="Error">
<![CDATA[  [chromium] › a11y.spec.js:25:3 › Logs page has no critical/serious a11y violations ───────────────

    Error: Axe found 1 critical/serious violation(s):
    [serious] color-contrast: Ensure the contrast between foreground and background colors meets WCAG 2 AA minimum contrast ratio thresholds (1 node(s))

       at fixtures/admin-page.js:50

      48 |       `[${v.impact}] ${v.id}: ${v.description} (${v.nodes.length} node(s))`
      49 |     ).join('\n');
    > 50 |     throw new Error(`Axe found ${blocking.length} critical/serious violation(s):\n${summary}`);
         |           ^
      51 |   }
      52 | }
      53 |
        at assertNoA11yViolations (/home/runner/work/ash-nazg/ash-nazg/tests/e2e/fixtures/admin-page.js:50:11)
        at /home/runner/work/ash-nazg/ash-nazg/tests/e2e/a11y.spec.js:28:5

    attachment #2: screenshot (image/png) ──────────────────────────────────────────────────────────
    ../../test-results/a11y-Logs-page-has-no-critical-serious-a11y-violations-chromium/test-failed-1.png
    ────────────────────────────────────────────────────────────────────────────────────────────────

    attachment #3: video (video/webm) ──────────────────────────────────────────────────────────────
    ../../test-results/a11y-Logs-page-has-no-critical-serious-a11y-violations-chromium/video.webm
    ────────────────────────────────────────────────────────────────────────────────────────────────

    attachment #4: video (video/webm) ──────────────────────────────────────────────────────────────
    ../../test-results/a11y-Logs-page-has-no-critical-serious-a11y-violations-chromium/video-1.webm
    ────────────────────────────────────────────────────────────────────────────────────────────────

    Error Context: ../../test-results/a11y-Logs-page-has-no-critical-serious-a11y-violations-chromium/error-context.md

    attachment #6: trace (application/zip) ─────────────────────────────────────────────────────────
    ../../test-results/a11y-Logs-page-has-no-critical-serious-a11y-violations-chromium/trace.zip
    Usage:

        npx playwright show-trace ../../test-results/a11y-Logs-page-has-no-critical-serious-a11y-violations-chromium/trace.zip

    ────────────────────────────────────────────────────────────────────────────────────────────────

    Retry #1 ───────────────────────────────────────────────────────────────────────────────────────

    Error: Axe found 1 critical/serious violation(s):
    [serious] color-contrast: Ensure the contrast between foreground and background colors meets WCAG 2 AA minimum contrast ratio thresholds (1 node(s))

       at fixtures/admin-page.js:50

      48 |       `[${v.impact}] ${v.id}: ${v.description} (${v.nodes.length} node(s))`
      49 |     ).join('\n');
    > 50 |     throw new Error(`Axe found ${blocking.length} critical/serious violation(s):\n${summary}`);
         |           ^
      51 |   }
      52 | }
      53 |
        at assertNoA11yViolations (/home/runner/work/ash-nazg/ash-nazg/tests/e2e/fixtures/admin-page.js:50:11)
        at /home/runner/work/ash-nazg/ash-nazg/tests/e2e/a11y.spec.js:28:5

    attachment #2: screenshot (image/png) ──────────────────────────────────────────────────────────
    ../../test-results/a11y-Logs-page-has-no-critical-serious-a11y-violations-chromium-retry1/test-failed-1.png
    ────────────────────────────────────────────────────────────────────────────────────────────────

    attachment #3: video (video/webm) ──────────────────────────────────────────────────────────────
    ../../test-results/a11y-Logs-page-has-no-critical-serious-a11y-violations-chromium-retry1/video-1.webm
    ────────────────────────────────────────────────────────────────────────────────────────────────

    attachment #4: video (video/webm) ──────────────────────────────────────────────────────────────
    ../../test-results/a11y-Logs-page-has-no-critical-serious-a11y-violations-chromium-retry1/video.webm
    ────────────────────────────────────────────────────────────────────────────────────────────────

    Error Context: ../../test-results/a11y-Logs-page-has-no-critical-serious-a11y-violations-chromium-retry1/error-context.md

    attachment #6: trace (application/zip) ─────────────────────────────────────────────────────────
    ../../test-results/a11y-Logs-page-has-no-critical-serious-a11y-violations-chromium-retry1/trace.zip
    Usage:

        npx playwright show-trace ../../test-results/a11y-Logs-page-has-no-critical-serious-a11y-violations-chromium-retry1/trace.zip

    ────────────────────────────────────────────────────────────────────────────────────────────────
]]>
</error>
</testcase>
<testcase name="Settings page has no critical/serious a11y violations" classname="a11y.spec.js" time="13.199">
<system-out>
<![CDATA[
[[ATTACHMENT|../test-results/a11y-Settings-page-has-no-critical-serious-a11y-violations-chromium/test-failed-1.png]]

[[ATTACHMENT|../test-results/a11y-Settings-page-has-no-critical-serious-a11y-violations-chromium/video.webm]]

[[ATTACHMENT|../test-results/a11y-Settings-page-has-no-critical-serious-a11y-violations-chromium/video-1.webm]]

[[ATTACHMENT|../test-results/a11y-Settings-page-has-no-critical-serious-a11y-violations-chromium/error-context.md]]

[[ATTACHMENT|../test-results/a11y-Settings-page-has-no-critical-serious-a11y-violations-chromium/trace.zip]]

[[ATTACHMENT|../test-results/a11y-Settings-page-has-no-critical-serious-a11y-violations-chromium-retry1/test-failed-1.png]]

[[ATTACHMENT|../test-results/a11y-Settings-page-has-no-critical-serious-a11y-violations-chromium-retry1/video-1.webm]]

[[ATTACHMENT|../test-results/a11y-Settings-page-has-no-critical-serious-a11y-violations-chromium-retry1/video.webm]]

[[ATTACHMENT|../test-results/a11y-Settings-page-has-no-critical-serious-a11y-violations-chromium-retry1/error-context.md]]

[[ATTACHMENT|../test-results/a11y-Settings-page-has-no-critical-serious-a11y-violations-chromium-retry1/trace.zip]]
]]>
</system-out>
<error message="Axe found 1 critical/serious violation(s):" type="Error">
<![CDATA[  [chromium] › a11y.spec.js:25:3 › Settings page has no critical/serious a11y violations ───────────

    Error: Axe found 1 critical/serious violation(s):
    [serious] color-contrast: Ensure the contrast between foreground and background colors meets WCAG 2 AA minimum contrast ratio thresholds (1 node(s))

       at fixtures/admin-page.js:50

      48 |       `[${v.impact}] ${v.id}: ${v.description} (${v.nodes.length} node(s))`
      49 |     ).join('\n');
    > 50 |     throw new Error(`Axe found ${blocking.length} critical/serious violation(s):\n${summary}`);
         |           ^
      51 |   }
      52 | }
      53 |
        at assertNoA11yViolations (/home/runner/work/ash-nazg/ash-nazg/tests/e2e/fixtures/admin-page.js:50:11)
        at /home/runner/work/ash-nazg/ash-nazg/tests/e2e/a11y.spec.js:28:5

    attachment #2: screenshot (image/png) ──────────────────────────────────────────────────────────
    ../../test-results/a11y-Settings-page-has-no-critical-serious-a11y-violations-chromium/test-failed-1.png
    ────────────────────────────────────────────────────────────────────────────────────────────────

    attachment #3: video (video/webm) ──────────────────────────────────────────────────────────────
    ../../test-results/a11y-Settings-page-has-no-critical-serious-a11y-violations-chromium/video.webm
    ────────────────────────────────────────────────────────────────────────────────────────────────

    attachment #4: video (video/webm) ──────────────────────────────────────────────────────────────
    ../../test-results/a11y-Settings-page-has-no-critical-serious-a11y-violations-chromium/video-1.webm
    ────────────────────────────────────────────────────────────────────────────────────────────────

    Error Context: ../../test-results/a11y-Settings-page-has-no-critical-serious-a11y-violations-chromium/error-context.md

    attachment #6: trace (application/zip) ─────────────────────────────────────────────────────────
    ../../test-results/a11y-Settings-page-has-no-critical-serious-a11y-violations-chromium/trace.zip
    Usage:

        npx playwright show-trace ../../test-results/a11y-Settings-page-has-no-critical-serious-a11y-violations-chromium/trace.zip

    ────────────────────────────────────────────────────────────────────────────────────────────────

    Retry #1 ───────────────────────────────────────────────────────────────────────────────────────

    Error: Axe found 1 critical/serious violation(s):
    [serious] color-contrast: Ensure the contrast between foreground and background colors meets WCAG 2 AA minimum contrast ratio thresholds (1 node(s))

       at fixtures/admin-page.js:50

      48 |       `[${v.impact}] ${v.id}: ${v.description} (${v.nodes.length} node(s))`
      49 |     ).join('\n');
    > 50 |     throw new Error(`Axe found ${blocking.length} critical/serious violation(s):\n${summary}`);
         |           ^
      51 |   }
      52 | }
      53 |
        at assertNoA11yViolations (/home/runner/work/ash-nazg/ash-nazg/tests/e2e/fixtures/admin-page.js:50:11)
        at /home/runner/work/ash-nazg/ash-nazg/tests/e2e/a11y.spec.js:28:5

    attachment #2: screenshot (image/png) ──────────────────────────────────────────────────────────
    ../../test-results/a11y-Settings-page-has-no-critical-serious-a11y-violations-chromium-retry1/test-failed-1.png
    ────────────────────────────────────────────────────────────────────────────────────────────────

    attachment #3: video (video/webm) ──────────────────────────────────────────────────────────────
    ../../test-results/a11y-Settings-page-has-no-critical-serious-a11y-violations-chromium-retry1/video-1.webm
    ────────────────────────────────────────────────────────────────────────────────────────────────

    attachment #4: video (video/webm) ──────────────────────────────────────────────────────────────
    ../../test-results/a11y-Settings-page-has-no-critical-serious-a11y-violations-chromium-retry1/video.webm
    ────────────────────────────────────────────────────────────────────────────────────────────────

    Error Context: ../../test-results/a11y-Settings-page-has-no-critical-serious-a11y-violations-chromium-retry1/error-context.md

    attachment #6: trace (application/zip) ─────────────────────────────────────────────────────────
    ../../test-results/a11y-Settings-page-has-no-critical-serious-a11y-violations-chromium-retry1/trace.zip
    Usage:

        npx playwright show-trace ../../test-results/a11y-Settings-page-has-no-critical-serious-a11y-violations-chromium-retry1/trace.zip

    ────────────────────────────────────────────────────────────────────────────────────────────────
]]>
</error>
</testcase>
<testcase name="Dashboard widget on WP admin index has no a11y violations" classname="a11y.spec.js" time="14.823">
<system-out>
<![CDATA[
[[ATTACHMENT|../test-results/a11y-Dashboard-widget-on-W-ffe4b-ndex-has-no-a11y-violations-chromium/test-failed-1.png]]

[[ATTACHMENT|../test-results/a11y-Dashboard-widget-on-W-ffe4b-ndex-has-no-a11y-violations-chromium/video.webm]]

[[ATTACHMENT|../test-results/a11y-Dashboard-widget-on-W-ffe4b-ndex-has-no-a11y-violations-chromium/video-1.webm]]

[[ATTACHMENT|../test-results/a11y-Dashboard-widget-on-W-ffe4b-ndex-has-no-a11y-violations-chromium/error-context.md]]

[[ATTACHMENT|../test-results/a11y-Dashboard-widget-on-W-ffe4b-ndex-has-no-a11y-violations-chromium/trace.zip]]

[[ATTACHMENT|../test-results/a11y-Dashboard-widget-on-W-ffe4b-ndex-has-no-a11y-violations-chromium-retry1/test-failed-1.png]]

[[ATTACHMENT|../test-results/a11y-Dashboard-widget-on-W-ffe4b-ndex-has-no-a11y-violations-chromium-retry1/video-1.webm]]

[[ATTACHMENT|../test-results/a11y-Dashboard-widget-on-W-ffe4b-ndex-has-no-a11y-violations-chromium-retry1/video.webm]]

[[ATTACHMENT|../test-results/a11y-Dashboard-widget-on-W-ffe4b-ndex-has-no-a11y-violations-chromium-retry1/error-context.md]]

[[ATTACHMENT|../test-results/a11y-Dashboard-widget-on-W-ffe4b-ndex-has-no-a11y-violations-chromium-retry1/trace.zip]]
]]>
</system-out>
<error message="Axe found 1 critical/serious violation(s):" type="Error">
<![CDATA[  [chromium] › a11y.spec.js:32:1 › Dashboard widget on WP admin index has no a11y violations ───────

    Error: Axe found 1 critical/serious violation(s):
    [serious] color-contrast: Ensure the contrast between foreground and background colors meets WCAG 2 AA minimum contrast ratio thresholds (1 node(s))

       at fixtures/admin-page.js:50

      48 |       `[${v.impact}] ${v.id}: ${v.description} (${v.nodes.length} node(s))`
      49 |     ).join('\n');
    > 50 |     throw new Error(`Axe found ${blocking.length} critical/serious violation(s):\n${summary}`);
         |           ^
      51 |   }
      52 | }
      53 |
        at assertNoA11yViolations (/home/runner/work/ash-nazg/ash-nazg/tests/e2e/fixtures/admin-page.js:50:11)
        at /home/runner/work/ash-nazg/ash-nazg/tests/e2e/a11y.spec.js:36:3

    attachment #2: screenshot (image/png) ──────────────────────────────────────────────────────────
    ../../test-results/a11y-Dashboard-widget-on-W-ffe4b-ndex-has-no-a11y-violations-chromium/test-failed-1.png
    ────────────────────────────────────────────────────────────────────────────────────────────────

    attachment #3: video (video/webm) ──────────────────────────────────────────────────────────────
    ../../test-results/a11y-Dashboard-widget-on-W-ffe4b-ndex-has-no-a11y-violations-chromium/video.webm
    ────────────────────────────────────────────────────────────────────────────────────────────────

    attachment #4: video (video/webm) ──────────────────────────────────────────────────────────────
    ../../test-results/a11y-Dashboard-widget-on-W-ffe4b-ndex-has-no-a11y-violations-chromium/video-1.webm
    ────────────────────────────────────────────────────────────────────────────────────────────────

    Error Context: ../../test-results/a11y-Dashboard-widget-on-W-ffe4b-ndex-has-no-a11y-violations-chromium/error-context.md

    attachment #6: trace (application/zip) ─────────────────────────────────────────────────────────
    ../../test-results/a11y-Dashboard-widget-on-W-ffe4b-ndex-has-no-a11y-violations-chromium/trace.zip
    Usage:

        npx playwright show-trace ../../test-results/a11y-Dashboard-widget-on-W-ffe4b-ndex-has-no-a11y-violations-chromium/trace.zip

    ────────────────────────────────────────────────────────────────────────────────────────────────

    Retry #1 ───────────────────────────────────────────────────────────────────────────────────────

    Error: Axe found 1 critical/serious violation(s):
    [serious] color-contrast: Ensure the contrast between foreground and background colors meets WCAG 2 AA minimum contrast ratio thresholds (1 node(s))

       at fixtures/admin-page.js:50

      48 |       `[${v.impact}] ${v.id}: ${v.description} (${v.nodes.length} node(s))`
      49 |     ).join('\n');
    > 50 |     throw new Error(`Axe found ${blocking.length} critical/serious violation(s):\n${summary}`);
         |           ^
      51 |   }
      52 | }
      53 |
        at assertNoA11yViolations (/home/runner/work/ash-nazg/ash-nazg/tests/e2e/fixtures/admin-page.js:50:11)
        at /home/runner/work/ash-nazg/ash-nazg/tests/e2e/a11y.spec.js:36:3

    attachment #2: screenshot (image/png) ──────────────────────────────────────────────────────────
    ../../test-results/a11y-Dashboard-widget-on-W-ffe4b-ndex-has-no-a11y-violations-chromium-retry1/test-failed-1.png
    ────────────────────────────────────────────────────────────────────────────────────────────────

    attachment #3: video (video/webm) ──────────────────────────────────────────────────────────────
    ../../test-results/a11y-Dashboard-widget-on-W-ffe4b-ndex-has-no-a11y-violations-chromium-retry1/video-1.webm
    ────────────────────────────────────────────────────────────────────────────────────────────────

    attachment #4: video (video/webm) ──────────────────────────────────────────────────────────────
    ../../test-results/a11y-Dashboard-widget-on-W-ffe4b-ndex-has-no-a11y-violations-chromium-retry1/video.webm
    ────────────────────────────────────────────────────────────────────────────────────────────────

    Error Context: ../../test-results/a11y-Dashboard-widget-on-W-ffe4b-ndex-has-no-a11y-violations-chromium-retry1/error-context.md

    attachment #6: trace (application/zip) ─────────────────────────────────────────────────────────
    ../../test-results/a11y-Dashboard-widget-on-W-ffe4b-ndex-has-no-a11y-violations-chromium-retry1/trace.zip
    Usage:

        npx playwright show-trace ../../test-results/a11y-Dashboard-widget-on-W-ffe4b-ndex-has-no-a11y-violations-chromium-retry1/trace.zip

    ────────────────────────────────────────────────────────────────────────────────────────────────
]]>
</error>
</testcase>
<testcase name="Backups page tab switching maintains a11y" classname="a11y.spec.js" time="14.572">
<system-out>
<![CDATA[
[[ATTACHMENT|../test-results/a11y-Backups-page-tab-switching-maintains-a11y-chromium/test-failed-1.png]]

[[ATTACHMENT|../test-results/a11y-Backups-page-tab-switching-maintains-a11y-chromium/video-1.webm]]

[[ATTACHMENT|../test-results/a11y-Backups-page-tab-switching-maintains-a11y-chromium/video.webm]]

[[ATTACHMENT|../test-results/a11y-Backups-page-tab-switching-maintains-a11y-chromium/error-context.md]]

[[ATTACHMENT|../test-results/a11y-Backups-page-tab-switching-maintains-a11y-chromium/trace.zip]]

[[ATTACHMENT|../test-results/a11y-Backups-page-tab-switching-maintains-a11y-chromium-retry1/test-failed-1.png]]

[[ATTACHMENT|../test-results/a11y-Backups-page-tab-switching-maintains-a11y-chromium-retry1/video-1.webm]]

[[ATTACHMENT|../test-results/a11y-Backups-page-tab-switching-maintains-a11y-chromium-retry1/video.webm]]

[[ATTACHMENT|../test-results/a11y-Backups-page-tab-switching-maintains-a11y-chromium-retry1/error-context.md]]

[[ATTACHMENT|../test-results/a11y-Backups-page-tab-switching-maintains-a11y-chromium-retry1/trace.zip]]
]]>
</system-out>
<error message="Axe found 1 critical/serious violation(s):" type="Error">
<![CDATA[  [chromium] › a11y.spec.js:39:1 › Backups page tab switching maintains a11y ───────────────────────

    Error: Axe found 1 critical/serious violation(s):
    [serious] color-contrast: Ensure the contrast between foreground and background colors meets WCAG 2 AA minimum contrast ratio thresholds (1 node(s))

       at fixtures/admin-page.js:50

      48 |       `[${v.impact}] ${v.id}: ${v.description} (${v.nodes.length} node(s))`
      49 |     ).join('\n');
    > 50 |     throw new Error(`Axe found ${blocking.length} critical/serious violation(s):\n${summary}`);
         |           ^
      51 |   }
      52 | }
      53 |
        at assertNoA11yViolations (/home/runner/work/ash-nazg/ash-nazg/tests/e2e/fixtures/admin-page.js:50:11)
        at /home/runner/work/ash-nazg/ash-nazg/tests/e2e/a11y.spec.js:50:3

    attachment #2: screenshot (image/png) ──────────────────────────────────────────────────────────
    ../../test-results/a11y-Backups-page-tab-switching-maintains-a11y-chromium/test-failed-1.png
    ────────────────────────────────────────────────────────────────────────────────────────────────

    attachment #3: video (video/webm) ──────────────────────────────────────────────────────────────
    ../../test-results/a11y-Backups-page-tab-switching-maintains-a11y-chromium/video-1.webm
    ────────────────────────────────────────────────────────────────────────────────────────────────

    attachment #4: video (video/webm) ──────────────────────────────────────────────────────────────
    ../../test-results/a11y-Backups-page-tab-switching-maintains-a11y-chromium/video.webm
    ────────────────────────────────────────────────────────────────────────────────────────────────

    Error Context: ../../test-results/a11y-Backups-page-tab-switching-maintains-a11y-chromium/error-context.md

    attachment #6: trace (application/zip) ─────────────────────────────────────────────────────────
    ../../test-results/a11y-Backups-page-tab-switching-maintains-a11y-chromium/trace.zip
    Usage:

        npx playwright show-trace ../../test-results/a11y-Backups-page-tab-switching-maintains-a11y-chromium/trace.zip

    ────────────────────────────────────────────────────────────────────────────────────────────────

    Retry #1 ───────────────────────────────────────────────────────────────────────────────────────

    Error: Axe found 1 critical/serious violation(s):
    [serious] color-contrast: Ensure the contrast between foreground and background colors meets WCAG 2 AA minimum contrast ratio thresholds (1 node(s))

       at fixtures/admin-page.js:50

      48 |       `[${v.impact}] ${v.id}: ${v.description} (${v.nodes.length} node(s))`
      49 |     ).join('\n');
    > 50 |     throw new Error(`Axe found ${blocking.length} critical/serious violation(s):\n${summary}`);
         |           ^
      51 |   }
      52 | }
      53 |
        at assertNoA11yViolations (/home/runner/work/ash-nazg/ash-nazg/tests/e2e/fixtures/admin-page.js:50:11)
        at /home/runner/work/ash-nazg/ash-nazg/tests/e2e/a11y.spec.js:50:3

    attachment #2: screenshot (image/png) ──────────────────────────────────────────────────────────
    ../../test-results/a11y-Backups-page-tab-switching-maintains-a11y-chromium-retry1/test-failed-1.png
    ────────────────────────────────────────────────────────────────────────────────────────────────

    attachment #3: video (video/webm) ──────────────────────────────────────────────────────────────
    ../../test-results/a11y-Backups-page-tab-switching-maintains-a11y-chromium-retry1/video-1.webm
    ────────────────────────────────────────────────────────────────────────────────────────────────

    attachment #4: video (video/webm) ──────────────────────────────────────────────────────────────
    ../../test-results/a11y-Backups-page-tab-switching-maintains-a11y-chromium-retry1/video.webm
    ────────────────────────────────────────────────────────────────────────────────────────────────

    Error Context: ../../test-results/a11y-Backups-page-tab-switching-maintains-a11y-chromium-retry1/error-context.md

    attachment #6: trace (application/zip) ─────────────────────────────────────────────────────────
    ../../test-results/a11y-Backups-page-tab-switching-maintains-a11y-chromium-retry1/trace.zip
    Usage:

        npx playwright show-trace ../../test-results/a11y-Backups-page-tab-switching-maintains-a11y-chromium-retry1/trace.zip

    ────────────────────────────────────────────────────────────────────────────────────────────────
]]>
</error>
</testcase>
<testcase name="Metrics page with data loaded has no a11y violations" classname="a11y.spec.js" time="16.711">
<system-out>
<![CDATA[
[[ATTACHMENT|../test-results/a11y-Metrics-page-with-data-loaded-has-no-a11y-violations-chromium/test-failed-1.png]]

[[ATTACHMENT|../test-results/a11y-Metrics-page-with-data-loaded-has-no-a11y-violations-chromium/video-1.webm]]

[[ATTACHMENT|../test-results/a11y-Metrics-page-with-data-loaded-has-no-a11y-violations-chromium/video.webm]]

[[ATTACHMENT|../test-results/a11y-Metrics-page-with-data-loaded-has-no-a11y-violations-chromium/error-context.md]]

[[ATTACHMENT|../test-results/a11y-Metrics-page-with-data-loaded-has-no-a11y-violations-chromium/trace.zip]]

[[ATTACHMENT|../test-results/a11y-Metrics-page-with-data-loaded-has-no-a11y-violations-chromium-retry1/test-failed-1.png]]

[[ATTACHMENT|../test-results/a11y-Metrics-page-with-data-loaded-has-no-a11y-violations-chromium-retry1/video-1.webm]]

[[ATTACHMENT|../test-results/a11y-Metrics-page-with-data-loaded-has-no-a11y-violations-chromium-retry1/video.webm]]

[[ATTACHMENT|../test-results/a11y-Metrics-page-with-data-loaded-has-no-a11y-violations-chromium-retry1/error-context.md]]

[[ATTACHMENT|../test-results/a11y-Metrics-page-with-data-loaded-has-no-a11y-violations-chromium-retry1/trace.zip]]
]]>
</system-out>
<error message="Axe found 1 critical/serious violation(s):" type="Error">
<![CDATA[  [chromium] › a11y.spec.js:53:1 › Metrics page with data loaded has no a11y violations ────────────

    Error: Axe found 1 critical/serious violation(s):
    [serious] color-contrast: Ensure the contrast between foreground and background colors meets WCAG 2 AA minimum contrast ratio thresholds (1 node(s))

       at fixtures/admin-page.js:50

      48 |       `[${v.impact}] ${v.id}: ${v.description} (${v.nodes.length} node(s))`
      49 |     ).join('\n');
    > 50 |     throw new Error(`Axe found ${blocking.length} critical/serious violation(s):\n${summary}`);
         |           ^
      51 |   }
      52 | }
      53 |
        at assertNoA11yViolations (/home/runner/work/ash-nazg/ash-nazg/tests/e2e/fixtures/admin-page.js:50:11)
        at /home/runner/work/ash-nazg/ash-nazg/tests/e2e/a11y.spec.js:62:3

    attachment #2: screenshot (image/png) ──────────────────────────────────────────────────────────
    ../../test-results/a11y-Metrics-page-with-data-loaded-has-no-a11y-violations-chromium/test-failed-1.png
    ────────────────────────────────────────────────────────────────────────────────────────────────

    attachment #3: video (video/webm) ──────────────────────────────────────────────────────────────
    ../../test-results/a11y-Metrics-page-with-data-loaded-has-no-a11y-violations-chromium/video-1.webm
    ────────────────────────────────────────────────────────────────────────────────────────────────

    attachment #4: video (video/webm) ──────────────────────────────────────────────────────────────
    ../../test-results/a11y-Metrics-page-with-data-loaded-has-no-a11y-violations-chromium/video.webm
    ────────────────────────────────────────────────────────────────────────────────────────────────

    Error Context: ../../test-results/a11y-Metrics-page-with-data-loaded-has-no-a11y-violations-chromium/error-context.md

    attachment #6: trace (application/zip) ─────────────────────────────────────────────────────────
    ../../test-results/a11y-Metrics-page-with-data-loaded-has-no-a11y-violations-chromium/trace.zip
    Usage:

        npx playwright show-trace ../../test-results/a11y-Metrics-page-with-data-loaded-has-no-a11y-violations-chromium/trace.zip

    ────────────────────────────────────────────────────────────────────────────────────────────────

    Retry #1 ───────────────────────────────────────────────────────────────────────────────────────

    Error: Axe found 1 critical/serious violation(s):
    [serious] color-contrast: Ensure the contrast between foreground and background colors meets WCAG 2 AA minimum contrast ratio thresholds (1 node(s))

       at fixtures/admin-page.js:50

      48 |       `[${v.impact}] ${v.id}: ${v.description} (${v.nodes.length} node(s))`
      49 |     ).join('\n');
    > 50 |     throw new Error(`Axe found ${blocking.length} critical/serious violation(s):\n${summary}`);
         |           ^
      51 |   }
      52 | }
      53 |
        at assertNoA11yViolations (/home/runner/work/ash-nazg/ash-nazg/tests/e2e/fixtures/admin-page.js:50:11)
        at /home/runner/work/ash-nazg/ash-nazg/tests/e2e/a11y.spec.js:62:3

    attachment #2: screenshot (image/png) ──────────────────────────────────────────────────────────
    ../../test-results/a11y-Metrics-page-with-data-loaded-has-no-a11y-violations-chromium-retry1/test-failed-1.png
    ────────────────────────────────────────────────────────────────────────────────────────────────

    attachment #3: video (video/webm) ──────────────────────────────────────────────────────────────
    ../../test-results/a11y-Metrics-page-with-data-loaded-has-no-a11y-violations-chromium-retry1/video-1.webm
    ────────────────────────────────────────────────────────────────────────────────────────────────

    attachment #4: video (video/webm) ──────────────────────────────────────────────────────────────
    ../../test-results/a11y-Metrics-page-with-data-loaded-has-no-a11y-violations-chromium-retry1/video.webm
    ────────────────────────────────────────────────────────────────────────────────────────────────

    Error Context: ../../test-results/a11y-Metrics-page-with-data-loaded-has-no-a11y-violations-chromium-retry1/error-context.md

    attachment #6: trace (application/zip) ─────────────────────────────────────────────────────────
    ../../test-results/a11y-Metrics-page-with-data-loaded-has-no-a11y-violations-chromium-retry1/trace.zip
    Usage:

        npx playwright show-trace ../../test-results/a11y-Metrics-page-with-data-loaded-has-no-a11y-violations-chromium-retry1/trace.zip

    ────────────────────────────────────────────────────────────────────────────────────────────────
]]>
</error>
</testcase>
</testsuite>
<testsuite name="addons.spec.js" timestamp="2026-04-28T17:16:07.332Z" hostname="chromium" tests="6" failures="1" skipped="0" time="36.165" errors="0">
<testcase name="Addons › page renders without errors" classname="addons.spec.js" time="2.212">
</testcase>
<testcase name="Addons › Redis addon toggle is present" classname="addons.spec.js" time="2.261">
</testcase>
<testcase name="Addons › Solr addon toggle is present" classname="addons.spec.js" time="2.038">
</testcase>
<testcase name="Addons › Elasticsearch shows Coming Soon badge" classname="addons.spec.js" time="25.219">
<system-out>
<![CDATA[
[[ATTACHMENT|../test-results/addons-Addons-Elasticsearch-shows-Coming-Soon-badge-chromium/test-failed-1.png]]

[[ATTACHMENT|../test-results/addons-Addons-Elasticsearch-shows-Coming-Soon-badge-chromium/video.webm]]

[[ATTACHMENT|../test-results/addons-Addons-Elasticsearch-shows-Coming-Soon-badge-chromium/error-context.md]]

[[ATTACHMENT|../test-results/addons-Addons-Elasticsearch-shows-Coming-Soon-badge-chromium/trace.zip]]

[[ATTACHMENT|../test-results/addons-Addons-Elasticsearch-shows-Coming-Soon-badge-chromium-retry1/test-failed-1.png]]

[[ATTACHMENT|../test-results/addons-Addons-Elasticsearch-shows-Coming-Soon-badge-chromium-retry1/video.webm]]

[[ATTACHMENT|../test-results/addons-Addons-Elasticsearch-shows-Coming-Soon-badge-chromium-retry1/error-context.md]]

[[ATTACHMENT|../test-results/addons-Addons-Elasticsearch-shows-Coming-Soon-badge-chromium-retry1/trace.zip]]
]]>
</system-out>
<failure message="expect(locator).toBeVisible() failed" type="expect.toBeVisible">
<![CDATA[  [chromium] › addons.spec.js:30:3 › Addons › Elasticsearch shows Coming Soon badge ────────────────

    Error: expect(locator).toBeVisible() failed

    Locator: locator('tr').filter({ hasText: /elasticsearch/i })
    Expected: visible
    Timeout: 10000ms
    Error: element(s) not found

    Call log:
      - Expect "toBeVisible" with timeout 10000ms
      - waiting for locator('tr').filter({ hasText: /elasticsearch/i })


      30 |   test('Elasticsearch shows Coming Soon badge', async ({ page }) => {
      31 |     const esRow = page.locator('tr').filter({ hasText: /elasticsearch/i });
    > 32 |     await expect(esRow).toBeVisible({ timeout: 10_000 });
         |                         ^
      33 |     await expect(esRow.locator('.ash-nazg-badge')).toContainText(/coming soon/i);
      34 |     // No checkbox — no toggle available yet.
      35 |     await expect(esRow.locator('input[type="checkbox"]')).toHaveCount(0);
        at /home/runner/work/ash-nazg/ash-nazg/tests/e2e/addons.spec.js:32:25

    attachment #1: screenshot (image/png) ──────────────────────────────────────────────────────────
    ../../test-results/addons-Addons-Elasticsearch-shows-Coming-Soon-badge-chromium/test-failed-1.png
    ────────────────────────────────────────────────────────────────────────────────────────────────

    attachment #2: video (video/webm) ──────────────────────────────────────────────────────────────
    ../../test-results/addons-Addons-Elasticsearch-shows-Coming-Soon-badge-chromium/video.webm
    ────────────────────────────────────────────────────────────────────────────────────────────────

    Error Context: ../../test-results/addons-Addons-Elasticsearch-shows-Coming-Soon-badge-chromium/error-context.md

    attachment #4: trace (application/zip) ─────────────────────────────────────────────────────────
    ../../test-results/addons-Addons-Elasticsearch-shows-Coming-Soon-badge-chromium/trace.zip
    Usage:

        npx playwright show-trace ../../test-results/addons-Addons-Elasticsearch-shows-Coming-Soon-badge-chromium/trace.zip

    ────────────────────────────────────────────────────────────────────────────────────────────────

    Retry #1 ───────────────────────────────────────────────────────────────────────────────────────

    Error: expect(locator).toBeVisible() failed

    Locator: locator('tr').filter({ hasText: /elasticsearch/i })
    Expected: visible
    Timeout: 10000ms
    Error: element(s) not found

    Call log:
      - Expect "toBeVisible" with timeout 10000ms
      - waiting for locator('tr').filter({ hasText: /elasticsearch/i })


      30 |   test('Elasticsearch shows Coming Soon badge', async ({ page }) => {
      31 |     const esRow = page.locator('tr').filter({ hasText: /elasticsearch/i });
    > 32 |     await expect(esRow).toBeVisible({ timeout: 10_000 });
         |                         ^
      33 |     await expect(esRow.locator('.ash-nazg-badge')).toContainText(/coming soon/i);
      34 |     // No checkbox — no toggle available yet.
      35 |     await expect(esRow.locator('input[type="checkbox"]')).toHaveCount(0);
        at /home/runner/work/ash-nazg/ash-nazg/tests/e2e/addons.spec.js:32:25

    attachment #1: screenshot (image/png) ──────────────────────────────────────────────────────────
    ../../test-results/addons-Addons-Elasticsearch-shows-Coming-Soon-badge-chromium-retry1/test-failed-1.png
    ────────────────────────────────────────────────────────────────────────────────────────────────

    attachment #2: video (video/webm) ──────────────────────────────────────────────────────────────
    ../../test-results/addons-Addons-Elasticsearch-shows-Coming-Soon-badge-chromium-retry1/video.webm
    ────────────────────────────────────────────────────────────────────────────────────────────────

    Error Context: ../../test-results/addons-Addons-Elasticsearch-shows-Coming-Soon-badge-chromium-retry1/error-context.md

    attachment #4: trace (application/zip) ─────────────────────────────────────────────────────────
    ../../test-results/addons-Addons-Elasticsearch-shows-Coming-Soon-badge-chromium-retry1/trace.zip
    Usage:

        npx playwright show-trace ../../test-results/addons-Addons-Elasticsearch-shows-Coming-Soon-badge-chromium-retry1/trace.zip

    ────────────────────────────────────────────────────────────────────────────────────────────────
]]>
</failure>
</testcase>
<testcase name="Addons › Redis status reflects live environment state" classname="addons.spec.js" time="2.275">
</testcase>
<testcase name="Addons › save button is present and enabled" classname="addons.spec.js" time="2.16">
</testcase>
</testsuite>
<testsuite name="backups-actions.spec.js" timestamp="2026-04-28T17:16:07.332Z" hostname="chromium" tests="4" failures="1" skipped="1" time="35.85" errors="0">
<testcase name="Backups — create and download › backup type selector has all expected options" classname="backups-actions.spec.js" time="2.087">
</testcase>
<testcase name="Backups — create and download › retention period field accepts a value" classname="backups-actions.spec.js" time="2.124">
</testcase>
<testcase name="Backups — create and download › create database backup and verify it appears in the list" classname="backups-actions.spec.js" time="26.549">
<system-out>
<![CDATA[
[[ATTACHMENT|../test-results/backups-actions-Backups-—--5a166-rify-it-appears-in-the-list-chromium/test-failed-1.png]]

[[ATTACHMENT|../test-results/backups-actions-Backups-—--5a166-rify-it-appears-in-the-list-chromium/video.webm]]

[[ATTACHMENT|../test-results/backups-actions-Backups-—--5a166-rify-it-appears-in-the-list-chromium/error-context.md]]

[[ATTACHMENT|../test-results/backups-actions-Backups-—--5a166-rify-it-appears-in-the-list-chromium/trace.zip]]

[[ATTACHMENT|../test-results/backups-actions-Backups-—--5a166-rify-it-appears-in-the-list-chromium-retry1/test-failed-1.png]]

[...]
      27 |   });
      28 |
      29 |   test('fetching logs loads content', async ({ page }) => {
        at /home/runner/work/ash-nazg/ash-nazg/tests/e2e/logs.spec.js:26:28

    attachment #1: screenshot (image/png) ──────────────────────────────────────────────────────────
    ../../test-results/logs-Logs-Clear-Logs-button-is-present-firefox/test-failed-1.png
    ────────────────────────────────────────────────────────────────────────────────────────────────

    attachment #2: video (video/webm) ──────────────────────────────────────────────────────────────
    ../../test-results/logs-Logs-Clear-Logs-button-is-present-firefox/video.webm
    ────────────────────────────────────────────────────────────────────────────────────────────────

    Error Context: ../../test-results/logs-Logs-Clear-Logs-button-is-present-firefox/error-context.md

    attachment #4: trace (application/zip) ─────────────────────────────────────────────────────────
    ../../test-results/logs-Logs-Clear-Logs-button-is-present-firefox/trace.zip
    Usage:

        npx playwright show-trace ../../test-results/logs-Logs-Clear-Logs-button-is-present-firefox/trace.zip

    ────────────────────────────────────────────────────────────────────────────────────────────────

    Retry #1 ───────────────────────────────────────────────────────────────────────────────────────

    Error: expect(locator).toBeVisible() failed

    Locator: locator('button, input[type="submit"]').filter({ hasText: /clear logs/i })
    Expected: visible
    Timeout: 10000ms
    Error: element(s) not found

    Call log:
      - Expect "toBeVisible" with timeout 10000ms
      - waiting for locator('button, input[type="submit"]').filter({ hasText: /clear logs/i })


      24 |   test('Clear Logs button is present', async ({ page }) => {
      25 |     const clearBtn = page.locator('button, input[type="submit"]').filter({ hasText: /clear logs/i });
    > 26 |     await expect(clearBtn).toBeVisible({ timeout: 10_000 });
         |                            ^
      27 |   });
      28 |
      29 |   test('fetching logs loads content', async ({ page }) => {
        at /home/runner/work/ash-nazg/ash-nazg/tests/e2e/logs.spec.js:26:28

    attachment #1: screenshot (image/png) ──────────────────────────────────────────────────────────
    ../../test-results/logs-Logs-Clear-Logs-button-is-present-firefox-retry1/test-failed-1.png
    ────────────────────────────────────────────────────────────────────────────────────────────────

    attachment #2: video (video/webm) ──────────────────────────────────────────────────────────────
    ../../test-results/logs-Logs-Clear-Logs-button-is-present-firefox-retry1/video.webm
    ────────────────────────────────────────────────────────────────────────────────────────────────

    Error Context: ../../test-results/logs-Logs-Clear-Logs-button-is-present-firefox-retry1/error-context.md

    attachment #4: trace (application/zip) ─────────────────────────────────────────────────────────
    ../../test-results/logs-Logs-Clear-Logs-button-is-present-firefox-retry1/trace.zip
    Usage:

        npx playwright show-trace ../../test-results/logs-Logs-Clear-Logs-button-is-present-firefox-retry1/trace.zip

    ────────────────────────────────────────────────────────────────────────────────────────────────
]]>
</failure>
</testcase>
<testcase name="Logs › fetching logs loads content" classname="logs.spec.js" time="37.486">
<system-out>
<![CDATA[
[[ATTACHMENT|../test-results/logs-Logs-fetching-logs-loads-content-firefox/test-failed-1.png]]

[[ATTACHMENT|../test-results/logs-Logs-fetching-logs-loads-content-firefox/video.webm]]

[[ATTACHMENT|../test-results/logs-Logs-fetching-logs-loads-content-firefox/error-context.md]]

[[ATTACHMENT|../test-results/logs-Logs-fetching-logs-loads-content-firefox/trace.zip]]

[[ATTACHMENT|../test-results/logs-Logs-fetching-logs-loads-content-firefox-retry1/test-failed-1.png]]

[[ATTACHMENT|../test-results/logs-Logs-fetching-logs-loads-content-firefox-retry1/video.webm]]

[[ATTACHMENT|../test-results/logs-Logs-fetching-logs-loads-content-firefox-retry1/error-context.md]]

[[ATTACHMENT|../test-results/logs-Logs-fetching-logs-loads-content-firefox-retry1/trace.zip]]
]]>
</system-out>
<failure message="expect(locator).toBeVisible() failed" type="expect.toBeVisible">
<![CDATA[  [firefox] › logs.spec.js:29:3 › Logs › fetching logs loads content ───────────────────────────────

    Error: expect(locator).toBeVisible() failed

    Locator: locator('#ash-nazg-log-content, .ash-nazg-logs-content')
    Expected: visible
    Timeout: 15000ms
    Error: element(s) not found

    Call log:
      - Expect "toBeVisible" with timeout 15000ms
      - waiting for locator('#ash-nazg-log-content, .ash-nazg-logs-content')


      33 |     // After fetching, either log content or a "no logs" message should appear.
      34 |     const logContent = page.locator('#ash-nazg-log-content, .ash-nazg-logs-content');
    > 35 |     await expect(logContent).toBeVisible({ timeout: 15_000 });
         |                              ^
      36 |   });
      37 | });
      38 |
        at /home/runner/work/ash-nazg/ash-nazg/tests/e2e/logs.spec.js:35:30

    attachment #1: screenshot (image/png) ──────────────────────────────────────────────────────────
    ../../test-results/logs-Logs-fetching-logs-loads-content-firefox/test-failed-1.png
    ────────────────────────────────────────────────────────────────────────────────────────────────

    attachment #2: video (video/webm) ──────────────────────────────────────────────────────────────
    ../../test-results/logs-Logs-fetching-logs-loads-content-firefox/video.webm
    ────────────────────────────────────────────────────────────────────────────────────────────────

    Error Context: ../../test-results/logs-Logs-fetching-logs-loads-content-firefox/error-context.md

    attachment #4: trace (application/zip) ─────────────────────────────────────────────────────────
    ../../test-results/logs-Logs-fetching-logs-loads-content-firefox/trace.zip
    Usage:

        npx playwright show-trace ../../test-results/logs-Logs-fetching-logs-loads-content-firefox/trace.zip

    ────────────────────────────────────────────────────────────────────────────────────────────────

    Retry #1 ───────────────────────────────────────────────────────────────────────────────────────

    Error: expect(locator).toBeVisible() failed

    Locator: locator('#ash-nazg-log-content, .ash-nazg-logs-content')
    Expected: visible
    Timeout: 15000ms
    Error: element(s) not found

    Call log:
      - Expect "toBeVisible" with timeout 15000ms
      - waiting for locator('#ash-nazg-log-content, .ash-nazg-logs-content')


      33 |     // After fetching, either log content or a "no logs" message should appear.
      34 |     const logContent = page.locator('#ash-nazg-log-content, .ash-nazg-logs-content');
    > 35 |     await expect(logContent).toBeVisible({ timeout: 15_000 });
         |                              ^
      36 |   });
      37 | });
      38 |
        at /home/runner/work/ash-nazg/ash-nazg/tests/e2e/logs.spec.js:35:30

    attachment #1: screenshot (image/png) ──────────────────────────────────────────────────────────
    ../../test-results/logs-Logs-fetching-logs-loads-content-firefox-retry1/test-failed-1.png
    ────────────────────────────────────────────────────────────────────────────────────────────────

    attachment #2: video (video/webm) ──────────────────────────────────────────────────────────────
    ../../test-results/logs-Logs-fetching-logs-loads-content-firefox-retry1/video.webm
    ────────────────────────────────────────────────────────────────────────────────────────────────

    Error Context: ../../test-results/logs-Logs-fetching-logs-loads-content-firefox-retry1/error-context.md

    attachment #4: trace (application/zip) ─────────────────────────────────────────────────────────
    ../../test-results/logs-Logs-fetching-logs-loads-content-firefox-retry1/trace.zip
    Usage:

        npx playwright show-trace ../../test-results/logs-Logs-fetching-logs-loads-content-firefox-retry1/trace.zip

    ────────────────────────────────────────────────────────────────────────────────────────────────
]]>
</failure>
</testcase>
</testsuite>
<testsuite name="metrics.spec.js" timestamp="2026-04-28T17:16:07.332Z" hostname="firefox" tests="6" failures="2" skipped="0" time="44.755" errors="0">
<testcase name="Metrics › page renders summary statistics above filters" classname="metrics.spec.js" time="7.492">
<system-out>
<![CDATA[
[[ATTACHMENT|../test-results/metrics-Metrics-page-rende-1577d-ry-statistics-above-filters-firefox/test-failed-1.png]]

[[ATTACHMENT|../test-results/metrics-Metrics-page-rende-1577d-ry-statistics-above-filters-firefox/video.webm]]

[[ATTACHMENT|../test-results/metrics-Metrics-page-rende-1577d-ry-statistics-above-filters-firefox/error-context.md]]

[[ATTACHMENT|../test-results/metrics-Metrics-page-rende-1577d-ry-statistics-above-filters-firefox/trace.zip]]

[[ATTACHMENT|../test-results/metrics-Metrics-page-rende-1577d-ry-statistics-above-filters-firefox-retry1/test-failed-1.png]]

[[ATTACHMENT|../test-results/metrics-Metrics-page-rende-1577d-ry-statistics-above-filters-firefox-retry1/video.webm]]

[[ATTACHMENT|../test-results/metrics-Metrics-page-rende-1577d-ry-statistics-above-filters-firefox-retry1/error-context.md]]

[[ATTACHMENT|../test-results/metrics-Metrics-page-rende-1577d-ry-statistics-above-filters-firefox-retry1/trace.zip]]
]]>
</system-out>
<failure message="expect(received).toBeLessThan(expected)" type="expect.toBeLessThan">
<![CDATA[  [firefox] › metrics.spec.js:12:3 › Metrics › page renders summary statistics above filters ───────

    Error: expect(received).toBeLessThan(expected)

    Expected: < 393.6000061035156
    Received:   724.4000244140625

      20 |     const summaryBox = await summary.boundingBox();
      21 |     const filtersBox = await filters.boundingBox();
    > 22 |     expect(summaryBox.y).toBeLessThan(filtersBox.y);
         |                          ^
      23 |   });
      24 |
      25 |   test('Load Metrics button fetches real API data', async ({ page }) => {
        at /home/runner/work/ash-nazg/ash-nazg/tests/e2e/metrics.spec.js:22:26

    attachment #1: screenshot (image/png) ──────────────────────────────────────────────────────────
    ../../test-results/metrics-Metrics-page-rende-1577d-ry-statistics-above-filters-firefox/test-failed-1.png
    ────────────────────────────────────────────────────────────────────────────────────────────────

    attachment #2: video (video/webm) ──────────────────────────────────────────────────────────────
    ../../test-results/metrics-Metrics-page-rende-1577d-ry-statistics-above-filters-firefox/video.webm
    ────────────────────────────────────────────────────────────────────────────────────────────────

    Error Context: ../../test-results/metrics-Metrics-page-rende-1577d-ry-statistics-above-filters-firefox/error-context.md

    attachment #4: trace (application/zip) ─────────────────────────────────────────────────────────
    ../../test-results/metrics-Metrics-page-rende-1577d-ry-statistics-above-filters-firefox/trace.zip
    Usage:

        npx playwright show-trace ../../test-results/metrics-Metrics-page-rende-1577d-ry-statistics-above-filters-firefox/trace.zip

    ────────────────────────────────────────────────────────────────────────────────────────────────

    Retry #1 ───────────────────────────────────────────────────────────────────────────────────────

    Error: expect(received).toBeLessThan(expected)

    Expected: < 393.6000061035156
    Received:   724.4000244140625

      20 |     const summaryBox = await summary.boundingBox();
      21 |     const filtersBox = await filters.boundingBox();
    > 22 |     expect(summaryBox.y).toBeLessThan(filtersBox.y);
         |                          ^
      23 |   });
      24 |
      25 |   test('Load Metrics button fetches real API data', async ({ page }) => {
        at /home/runner/work/ash-nazg/ash-nazg/tests/e2e/metrics.spec.js:22:26

    attachment #1: screenshot (image/png) ──────────────────────────────────────────────────────────
    ../../test-results/metrics-Metrics-page-rende-1577d-ry-statistics-above-filters-firefox-retry1/test-failed-1.png
    ────────────────────────────────────────────────────────────────────────────────────────────────

    attachment #2: video (video/webm) ──────────────────────────────────────────────────────────────
    ../../test-results/metrics-Metrics-page-rende-1577d-ry-statistics-above-filters-firefox-retry1/video.webm
    ────────────────────────────────────────────────────────────────────────────────────────────────

    Error Context: ../../test-results/metrics-Metrics-page-rende-1577d-ry-statistics-above-filters-firefox-retry1/error-context.md

    attachment #4: trace (application/zip) ─────────────────────────────────────────────────────────
    ../../test-results/metrics-Metrics-page-rende-1577d-ry-statistics-above-filters-firefox-retry1/trace.zip
    Usage:

        npx playwright show-trace ../../test-results/metrics-Metrics-page-rende-1577d-ry-statistics-above-filters-firefox-retry1/trace.zip

    ────────────────────────────────────────────────────────────────────────────────────────────────
]]>
</failure>
</testcase>
<testcase name="Metrics › Load Metrics button fetches real API data" classname="metrics.spec.js" time="8.448">
</testcase>
<testcase name="Metrics › environment selector contains expected options" classname="metrics.spec.js" time="2.684">
</testcase>
<testcase name="Metrics › duration selector has all time period options" classname="metrics.spec.js" time="2.691">
</testcase>
<testcase name="Metrics › summary stats update after data loads" classname="metrics.spec.js" time="7.717">
</testcase>
<testcase name="Metrics › filter persistence: selections survive page reload" classname="metrics.spec.js" time="15.723">
<system-out>
<![CDATA[
[[ATTACHMENT|../test-results/metrics-Metrics-filter-per-650f0-ections-survive-page-reload-firefox/test-failed-1.png]]

[[ATTACHMENT|../test-results/metrics-Metrics-filter-per-650f0-ections-survive-page-reload-firefox/video.webm]]

[[ATTACHMENT|../test-results/metrics-Metrics-filter-per-650f0-ections-survive-page-reload-firefox/error-context.md]]

[[ATTACHMENT|../test-results/metrics-Metrics-filter-per-650f0-ections-survive-page-reload-firefox/trace.zip]]

[[ATTACHMENT|../test-results/metrics-Metrics-filter-per-650f0-ections-survive-page-reload-firefox-retry1/test-failed-1.png]]

[[ATTACHMENT|../test-results/metrics-Metrics-filter-per-650f0-ections-survive-page-reload-firefox-retry1/video.webm]]

[[ATTACHMENT|../test-results/metrics-Metrics-filter-per-650f0-ections-survive-page-reload-firefox-retry1/error-context.md]]

[[ATTACHMENT|../test-results/metrics-Metrics-filter-per-650f0-ections-survive-page-reload-firefox-retry1/trace.zip]]
]]>
</system-out>
<failure message="expect(received).toBe(expected) // Object.is equality" type="expect.toBe">
<![CDATA[  [firefox] › metrics.spec.js:63:3 › Metrics › filter persistence: selections survive page reload ──

    Error: expect(received).toBe(expected) // Object.is equality

    Expected: "12w"
    Received: "28d"

      73 |     // Duration should be restored from localStorage.
      74 |     const selected = await page.locator('#metrics-duration').inputValue();
    > 75 |     expect(selected).toBe('12w');
         |                      ^
      76 |   });
      77 | });
      78 |
        at /home/runner/work/ash-nazg/ash-nazg/tests/e2e/metrics.spec.js:75:22

    attachment #1: screenshot (image/png) ──────────────────────────────────────────────────────────
    ../../test-results/metrics-Metrics-filter-per-650f0-ections-survive-page-reload-firefox/test-failed-1.png
    ────────────────────────────────────────────────────────────────────────────────────────────────

    attachment #2: video (video/webm) ──────────────────────────────────────────────────────────────
    ../../test-results/metrics-Metrics-filter-per-650f0-ections-survive-page-reload-firefox/video.webm
    ────────────────────────────────────────────────────────────────────────────────────────────────

    Error Context: ../../test-results/metrics-Metrics-filter-per-650f0-ections-survive-page-reload-firefox/error-context.md

    attachment #4: trace (application/zip) ─────────────────────────────────────────────────────────
    ../../test-results/metrics-Metrics-filter-per-650f0-ections-survive-page-reload-firefox/trace.zip
    Usage:

        npx playwright show-trace ../../test-results/metrics-Metrics-filter-per-650f0-ections-survive-page-reload-firefox/trace.zip

    ────────────────────────────────────────────────────────────────────────────────────────────────

    Retry #1 ───────────────────────────────────────────────────────────────────────────────────────

    Error: expect(received).toBe(expected) // Object.is equality

    Expected: "12w"
    Received: "28d"

      73 |     // Duration should be restored from localStorage.
      74 |     const selected = await page.locator('#metrics-duration').inputValue();
    > 75 |     expect(selected).toBe('12w');
         |                      ^
      76 |   });
      77 | });
      78 |
        at /home/runner/work/ash-nazg/ash-nazg/tests/e2e/metrics.spec.js:75:22

    attachment #1: screenshot (image/png) ──────────────────────────────────────────────────────────
    ../../test-results/metrics-Metrics-filter-per-650f0-ections-survive-page-reload-firefox-retry1/test-failed-1.png
    ────────────────────────────────────────────────────────────────────────────────────────────────

    attachment #2: video (video/webm) ──────────────────────────────────────────────────────────────
    ../../test-results/metrics-Metrics-filter-per-650f0-ections-survive-page-reload-firefox-retry1/video.webm
    ────────────────────────────────────────────────────────────────────────────────────────────────

    Error Context: ../../test-results/metrics-Metrics-filter-per-650f0-ections-survive-page-reload-firefox-retry1/error-context.md

    attachment #4: trace (application/zip) ─────────────────────────────────────────────────────────
    ../../test-results/metrics-Metrics-filter-per-650f0-ections-survive-page-reload-firefox-retry1/trace.zip
    Usage:

        npx playwright show-trace ../../test-results/metrics-Metrics-filter-per-650f0-ections-survive-page-reload-firefox-retry1/trace.zip

    ────────────────────────────────────────────────────────────────────────────────────────────────
]]>
</failure>
</testcase>
</testsuite>
<testsuite name="settings.spec.js" timestamp="2026-04-28T17:16:07.332Z" hostname="firefox" tests="4" failures="0" skipped="0" time="12.13" errors="0">
<testcase name="Settings › settings page renders without errors" classname="settings.spec.js" time="3.228">
</testcase>
<testcase name="Settings › machine token section is present" classname="settings.spec.js" time="2.685">
</testcase>
<testcase name="Settings › session token section renders" classname="settings.spec.js" time="2.821">
</testcase>
<testcase name="Settings › per-user token documentation is visible" classname="settings.spec.js" time="3.396">
</testcase>
</testsuite>
<testsuite name="workflows.spec.js" timestamp="2026-04-28T17:16:07.332Z" hostname="firefox" tests="4" failures="0" skipped="0" time="10.569" errors="0">
<testcase name="Workflows › page renders without errors" classname="workflows.spec.js" time="2.713">
</testcase>
<testcase name="Workflows › available workflows section renders" classname="workflows.spec.js" time="2.637">
</testcase>
<testcase name="Workflows › Object Cache Pro workflow card is present" classname="workflows.spec.js" time="2.633">
</testcase>
<testcase name="Workflows › trigger workflow button is present" classname="workflows.spec.js" time="2.586">
</testcase>
</testsuite>
</testsuites>